[2025-07-15T13:16:40.859Z] [IsntOnlyNull] IsntOnlyNull joined the game
[2025-07-15T13:16:40.955Z] [IsntOnlyNull] <IsntOnlyNull> probando something
[2025-07-15T13:16:50.487Z] [IsntOnlyNull] Striker70 joined the game
[2025-07-15T13:16:50.822Z] [IsntOnlyNull] <Striker70> probando something
[2025-07-15T13:16:53.179Z] [IsntOnlyNull] [Server] saz elpepe
[2025-07-15T13:17:47.901Z] [IsntOnlyNull] IsntOnlyNull joined the game
[2025-07-15T13:17:47.976Z] [IsntOnlyNull] <IsntOnlyNull> probando something
[2025-07-15T13:17:57.686Z] [IsntOnlyNull] Striker70 joined the game
[2025-07-15T13:17:57.877Z] [IsntOnlyNull] <Striker70> probando something
[2025-07-15T13:28:17.508Z] [IsntOnlyNull] IsntOnlyNull joined the game
[2025-07-15T13:28:17.570Z] [IsntOnlyNull] <IsntOnlyNull> probando something
[2025-07-15T13:28:27.231Z] [IsntOnlyNull] Striker70 joined the game
[2025-07-15T13:28:27.417Z] [IsntOnlyNull] <Striker70> probando something
[2025-07-15T13:28:34.263Z] [IsntOnlyNull] [Server] /login
[2025-07-15T13:28:34.275Z] [IsntOnlyNull] Unknown or incomplete command, see below for error
[2025-07-15T13:28:34.277Z] [IsntOnlyNull] login weAreTesting<--[HERE]
[2025-07-15T13:51:14.734Z] [IsntOnlyNull] IsntOnlyNull joined the game
[2025-07-15T13:51:14.792Z] [IsntOnlyNull] <IsntOnlyNull> probando something
[2025-07-15T13:51:24.370Z] [IsntOnlyNull] Striker70 joined the game
[2025-07-15T13:51:24.523Z] [IsntOnlyNull] <Striker70> probando something
[2025-07-15T13:51:27.463Z] [IsntOnlyNull] [Server] /login
[2025-07-15T13:51:27.466Z] [IsntOnlyNull] Unknown or incomplete command, see below for error
[2025-07-15T13:51:27.467Z] [IsntOnlyNull] login elpepe<--[HERE]
