[2025-07-17T00:31:47.078Z] [IsntOnlyNull] por favor, inicie sesión con el comando: /login <contraseña>
[2025-07-17T00:31:47.167Z] [IsntOnlyNull] acceso exitoso!
[2025-07-17T00:31:47.279Z] [IsntOnlyNull] you need to be authenticated in order to use this command!
[2025-07-17T00:31:48.176Z] [IsntOnlyNull] [rio de plata] /town set board [msg]
[2025-07-17T00:31:48.178Z] [IsntOnlyNull] [los e.a.u] el pais del futuro y del progreso
[2025-07-17T00:31:48.634Z] [IsntOnlyNull] [+] 
[2025-07-17T00:31:59.486Z] [IsntOnlyNull] you cannot chat until you move!
[2025-07-17T00:32:04.015Z] [IsntOnlyNull] elpepe
[2025-07-17T00:39:26.161Z] [IsntOnlyNull] [+] 
[2025-07-17T00:40:39.614Z] [IsntOnlyNull] a
[2025-07-17T00:43:45.391Z] [IsntOnlyNull] por favor, inicie sesión con el comando: /login <contraseña>
[2025-07-17T00:43:45.517Z] [IsntOnlyNull] acceso exitoso!
[2025-07-17T00:43:45.642Z] [IsntOnlyNull] you need to be authenticated in order to use this command!
[2025-07-17T00:43:46.421Z] [IsntOnlyNull] [rio de plata] /town set board [msg]
[2025-07-17T00:43:46.423Z] [IsntOnlyNull] [los e.a.u] el pais del futuro y del progreso
[2025-07-17T00:43:46.424Z] [IsntOnlyNull] [+] 
[2025-07-17T00:44:13.656Z] [IsntOnlyNull] q
[2025-07-17T00:47:12.434Z] [IsntOnlyNull] por favor, inicie sesión con el comando: /login <contraseña>
[2025-07-17T00:47:12.573Z] [IsntOnlyNull] acceso exitoso!
[2025-07-17T00:47:12.700Z] [IsntOnlyNull] you need to be authenticated in order to use this command!
[2025-07-17T00:47:13.502Z] [IsntOnlyNull] [rio de plata] /town set board [msg]
[2025-07-17T00:47:13.504Z] [IsntOnlyNull] [los e.a.u] el pais del futuro y del progreso
[2025-07-17T00:47:13.505Z] [IsntOnlyNull] [+] 
[2025-07-17T00:47:25.558Z] [IsntOnlyNull] hola unti
[2025-07-17T00:47:28.024Z] [IsntOnlyNull] e
[2025-07-17T00:47:31.473Z] [IsntOnlyNull] hola
[2025-07-17T00:47:48.764Z] [IsntOnlyNull] [+] 
[2025-07-17T00:48:17.815Z] [IsntOnlyNull] we are so fucking back
[2025-07-17T00:52:12.646Z] [IsntOnlyNull] ☠ fervfh thought they could swim forever
[2025-07-17T00:52:18.141Z] [IsntOnlyNull] » [fervfh » me] 
[2025-07-17T00:56:59.407Z] [IsntOnlyNull] <Por favor, inicie sesión con el comando: /login <contraseña>> system
[2025-07-17T00:57:04.400Z] [IsntOnlyNull] <Por favor, inicie sesión con el comando: /login <contraseña>> system
[2025-07-17T00:57:09.413Z] [IsntOnlyNull] <Por favor, inicie sesión con el comando: /login <contraseña>> system
[2025-07-17T00:57:14.403Z] [IsntOnlyNull] <Por favor, inicie sesión con el comando: /login <contraseña>> system
[2025-07-17T00:57:19.405Z] [IsntOnlyNull] <Por favor, inicie sesión con el comando: /login <contraseña>> system
[2025-07-17T00:57:24.410Z] [IsntOnlyNull] <Por favor, inicie sesión con el comando: /login <contraseña>> system
[2025-07-17T00:57:29.397Z] [IsntOnlyNull] <Por favor, inicie sesión con el comando: /login <contraseña>> system
[2025-07-17T00:57:34.399Z] [IsntOnlyNull] <Por favor, inicie sesión con el comando: /login <contraseña>> system
[2025-07-17T00:57:39.397Z] [IsntOnlyNull] <Por favor, inicie sesión con el comando: /login <contraseña>> system
[2025-07-17T01:00:20.961Z] [IsntOnlyNull] <system> Por favor, inicie sesión con el comando: /login <contraseña>
[2025-07-17T01:00:21.052Z] [IsntOnlyNull] <system> Acceso exitoso!
[2025-07-17T01:00:21.180Z] [IsntOnlyNull] <system> You need to be authenticated in order to use this command!
[2025-07-17T01:00:21.912Z] [IsntOnlyNull] <system> [Rio de Plata] /town set board [msg]
[2025-07-17T01:00:21.915Z] [IsntOnlyNull] <system> [+] 
[2025-07-17T01:00:21.914Z] [IsntOnlyNull] <system> [Los E.A.U] El pais del futuro y del progreso
[2025-07-17T01:00:21.919Z] [IsntOnlyNull] <system> » [fervfh » me] 
[2025-07-17T01:00:32.143Z] [IsntOnlyNull] <chat> telpepe
[2025-07-17T01:05:26.498Z] [IsntOnlyNull] <fervfh> me] 
[2025-07-17T01:09:14.668Z] [IsntOnlyNull] por favor, inicie sesión con el comando: /login <contraseña>
[2025-07-17T01:09:14.794Z] [IsntOnlyNull] acceso exitoso!
[2025-07-17T01:09:14.989Z] [IsntOnlyNull] you need to be authenticated in order to use this command!
[2025-07-17T01:09:15.706Z] [IsntOnlyNull] [rio de plata] /town set board [msg]
[2025-07-17T01:09:15.711Z] [IsntOnlyNull] [los e.a.u] el pais del futuro y del progreso
[2025-07-17T01:09:15.712Z] [IsntOnlyNull] [+] 
[2025-07-17T01:09:15.715Z] [IsntOnlyNull] » [fervfh » me] 
[2025-07-17T01:09:22.755Z] [IsntOnlyNull] elpepe
[2025-07-17T01:14:17.538Z] [IsntOnlyNull] por favor, inicie sesión con el comando: /login <contraseña>
[2025-07-17T01:14:17.634Z] [IsntOnlyNull] acceso exitoso!
[2025-07-17T01:14:17.861Z] [IsntOnlyNull] you need to be authenticated in order to use this command!
[2025-07-17T01:14:18.520Z] [IsntOnlyNull] [rio de plata] /town set board [msg]
[2025-07-17T01:14:18.521Z] [IsntOnlyNull] [los e.a.u] el pais del futuro y del progreso
[2025-07-17T01:14:18.525Z] [IsntOnlyNull] [+] 
[2025-07-17T01:14:18.527Z] [IsntOnlyNull] » [fervfh » me] 
[2025-07-17T01:14:23.709Z] [IsntOnlyNull] a
[2025-07-17T01:14:35.433Z] [IsntOnlyNull] ya hice la estructura del puente que une los edificios
[2025-07-17T01:14:54.036Z] [IsntOnlyNull] abajo
[2025-07-17T01:15:15.929Z] [IsntOnlyNull] la base eso si me invente yo
[2025-07-17T01:15:20.677Z] [IsntOnlyNull] jajaja
[2025-07-17T01:15:22.629Z] [IsntOnlyNull] bueno
[2025-07-17T01:15:25.030Z] [IsntOnlyNull] esta guay
[2025-07-17T01:15:38.276Z] [IsntOnlyNull] el original esta sobre un terreno con diferente altura
[2025-07-17T01:15:41.332Z] [IsntOnlyNull] no sobre uno plano
[2025-07-17T01:16:01.828Z] [IsntOnlyNull] mmmm
[2025-07-17T01:16:05.928Z] [IsntOnlyNull] pero esta bn igual
[2025-07-17T01:16:11.075Z] [IsntOnlyNull] si
[2025-07-17T01:16:20.399Z] [IsntOnlyNull] pero me falta mucho todavia
[2025-07-17T01:16:34.834Z] [IsntOnlyNull] pero ya se ve muy god
[2025-07-17T01:16:40.835Z] [IsntOnlyNull] sis
[2025-07-17T01:17:26.882Z] [IsntOnlyNull] [[g]]discord●  usuarioshttps://cdn.discordapp.com/attachments/909941824943169558/1395212766100324425/image.png?ex=6879a0a5&is=68784f25&hm=56e50d3cf2aa08b508354677f98d53b97abdb83cad7b77e5a20b3459165a4a12&
[2025-07-17T01:22:56.385Z] [IsntOnlyNull] ☠ fervfh fell from a high place
[2025-07-17T01:22:58.048Z] [IsntOnlyNull] » [fervfh » me] 
[2025-07-17T01:26:25.435Z] [IsntOnlyNull] [[g]]discord●  usuarios
[2025-07-17T01:32:22.401Z] [IsntOnlyNull] » [fervfh » me] 
[2025-07-17T01:32:46.142Z] [IsntOnlyNull] » [fervfh » me] 
[2025-07-17T01:32:55.909Z] [IsntOnlyNull] » [fervfh » me] 
[2025-07-17T01:39:01.112Z] [IsntOnlyNull] [0m[91mPor favor, inicie sesión con el comando: /login <contraseña>[0m
[2025-07-17T01:39:01.206Z] [IsntOnlyNull] [0m[32mAcceso exitoso![0m
[2025-07-17T01:39:02.115Z] [IsntOnlyNull] [0m[33m[Rio de Plata] [93m/town set board [msg][0m
[2025-07-17T01:39:02.117Z] [IsntOnlyNull] [0m[33m[Los E.A.U] [93mEl pais del futuro y del progreso[0m
[2025-07-17T01:39:02.118Z] [IsntOnlyNull] [0m[37m[[92m+[37m] [0m
[2025-07-17T01:39:21.692Z] [IsntOnlyNull] [0m[37m[[92m+[37m] [0m
[2025-07-17T01:39:22.749Z] [IsntOnlyNull] [0m[90m» [37m[fervfh » me] [0m
[2025-07-17T01:39:27.685Z] [IsntOnlyNull] [0mdenme world edit[0m
[2025-07-17T01:39:40.563Z] [IsntOnlyNull] [0ma mi tmb[0m
[2025-07-17T01:41:18.108Z] [IsntOnlyNull] [0mes muy dificil replicar edificios sin creativo sin world edit sin nada[0m
[2025-07-17T01:41:21.406Z] [IsntOnlyNull] [0mme va a dar esquizofrenia[0m
[2025-07-17T01:42:35.021Z] [IsntOnlyNull] [0m[91mPor favor, inicie sesión con el comando: /login <contraseña>[0m
[2025-07-17T01:42:35.109Z] [IsntOnlyNull] [0m[32mAcceso exitoso![0m
[2025-07-17T01:42:35.912Z] [IsntOnlyNull] [0m[33m[Rio de Plata] [93m/town set board [msg][0m
[2025-07-17T01:42:35.915Z] [IsntOnlyNull] [0m[33m[Los E.A.U] [93mEl pais del futuro y del progreso[0m
[2025-07-17T01:42:35.923Z] [IsntOnlyNull] [0m[37m[[92m+[37m] [0m
[2025-07-17T01:42:35.925Z] [IsntOnlyNull] [0m[90m» [37m[fervfh » me] [0m
[2025-07-17T01:42:43.981Z] [IsntOnlyNull] [0m[97m[[g]][96mDiscord[38;2;255;158;158m●  Usuarios[0m
[2025-07-17T01:42:49.753Z] [IsntOnlyNull] [0m[97m[[g]][96mDiscord[38;2;255;158;158m●  Usuarios[0m
[2025-07-17T01:42:58.855Z] [IsntOnlyNull] [0m[97m[[g]][96mDiscord[38;2;255;158;158m●  Usuarios[0m
[2025-07-17T01:43:02.617Z] [IsntOnlyNull] [0m[97m[[g]][96mDiscord[38;2;255;158;158m●  Usuarios[0m
[2025-07-17T01:43:11.163Z] [IsntOnlyNull] [0mwaos[0m
[2025-07-17T01:43:15.903Z] [IsntOnlyNull] [0mdespues[0m
[2025-07-17T01:43:25.603Z] [IsntOnlyNull] [0mahorita no hay tiempo de aprender a usar eso[0m
[2025-07-17T01:43:31.652Z] [IsntOnlyNull] [0mhay que hacerlo a lo primitivo[0m
[2025-07-17T01:44:25.263Z] [IsntOnlyNull] [0m[97m[[g]][96mDiscord[38;2;0;14;255m●  Donador[0m
[2025-07-17T01:44:31.650Z] [IsntOnlyNull] [0m[97m[[g]][96mDiscord[38;2;0;14;255m●  Donador[0m
[2025-07-17T01:44:32.554Z] [IsntOnlyNull] [0mme ire por 2 semanas del server[0m
[2025-07-17T01:44:46.054Z] [IsntOnlyNull] [0msolo me voy a poder aparecer por discord[0m
[2025-07-17T01:45:11.528Z] [IsntOnlyNull] [0masi que mejor lo dejo para despues el litematica[0m
[2025-07-17T01:47:44.324Z] [IsntOnlyNull] [0m[37m[[92m+[37m] [0m
[2025-07-17T01:47:46.771Z] [IsntOnlyNull] [0m[37m[[91m-[37m] [0m
[2025-07-17T01:47:49.171Z] [IsntOnlyNull] [0may no[0m
[2025-07-17T01:47:50.750Z] [IsntOnlyNull] [0mese huele feo[0m
[2025-07-17T01:50:13.497Z] [IsntOnlyNull] [0mcreo que ya me salio[0m
[2025-07-17T01:50:17.298Z] [IsntOnlyNull] [0mlo mejor posible[0m
[2025-07-17T01:50:19.396Z] [IsntOnlyNull] [0mes una mrd[0m
[2025-07-17T01:54:39.331Z] [IsntOnlyNull] [0m[91m☠ [91mfervfh fell from a high place[0m
[2025-07-17T01:54:41.094Z] [IsntOnlyNull] [0m[90m» [37m[fervfh » me] [0m
[2025-07-17T01:54:48.274Z] [IsntOnlyNull] [0m[37m[[92m+[37m] [0m
