[2025-07-16T03:25:37.534Z] [IsntOnlyNull] Por favor, inicie sesión con el comando: /login <contraseña>
[2025-07-16T03:25:37.687Z] [IsntOnlyNull] Acceso exitoso!
[2025-07-16T03:28:17.167Z] [IsntOnlyNull] Por favor, inicie sesión con el comando: /login <contraseña>
[2025-07-16T03:28:17.261Z] [IsntOnlyNull] Acceso exitoso!
[2025-07-16T03:28:18.085Z] [IsntOnlyNull] [Rio de Plata] /town set board [msg]
[2025-07-16T03:28:18.088Z] [IsntOnlyNull] [Los E.A.U] El pais del futuro y del progreso
[2025-07-16T03:28:18.090Z] [IsntOnlyNull] [+] 
[2025-07-16T03:39:20.256Z] [IsntOnlyNull] {"json":{"extra":[{"color":"red","text":"Por favor, inicie sesión con el comando: /login <contraseña>"}],"text":""},"text":"","extra":[{"json":{"color":"red","text":"Por favor, inicie sesión con el comando: /login <contraseña>"},"text":"Por favor, inicie sesión con el comando: /login <contraseña>","color":"red"}]}
[2025-07-16T03:39:20.354Z] [IsntOnlyNull] {"json":{"extra":[{"color":"dark_green","text":"Acceso exitoso!"}],"text":""},"text":"","extra":[{"json":{"color":"dark_green","text":"Acceso exitoso!"},"text":"Acceso exitoso!","color":"dark_green"}]}
[2025-07-16T04:51:49.202Z] [IsntOnlyNull] Por favor, inicie sesión con el comando: /login <contraseña>
[2025-07-16T04:51:49.295Z] [IsntOnlyNull] Acceso exitoso!
[2025-07-16T04:51:50.123Z] [IsntOnlyNull] [Rio de Plata] /town set board [msg]
[2025-07-16T04:51:50.125Z] [IsntOnlyNull] [Los E.A.U] El pais del futuro y del progreso
[2025-07-16T04:51:50.127Z] [IsntOnlyNull] [+] 
[2025-07-16T04:54:34.231Z] [IsntOnlyNull] Por favor, inicie sesión con el comando: /login <contraseña>
[2025-07-16T04:54:34.346Z] [IsntOnlyNull] Acceso exitoso!
[2025-07-16T04:54:35.261Z] [IsntOnlyNull] [Rio de Plata] /town set board [msg]
[2025-07-16T04:54:35.263Z] [IsntOnlyNull] [Los E.A.U] El pais del futuro y del progreso
[2025-07-16T04:56:11.695Z] [IsntOnlyNull] Por favor, inicie sesión con el comando: /login <contraseña>
[2025-07-16T04:56:11.787Z] [IsntOnlyNull] Acceso exitoso!
[2025-07-16T04:56:12.646Z] [IsntOnlyNull] [Rio de Plata] /town set board [msg]
[2025-07-16T04:56:12.658Z] [IsntOnlyNull] [Los E.A.U] El pais del futuro y del progreso
[2025-07-16T04:56:12.666Z] [IsntOnlyNull] [+] 
[2025-07-16T05:01:52.703Z] [IsntOnlyNull] Packet IN: undefined undefined
[2025-07-16T05:01:52.741Z] [IsntOnlyNull] Packet IN: undefined undefined
[2025-07-16T05:01:53.005Z] [IsntOnlyNull] Packet IN: undefined undefined
[2025-07-16T05:01:53.012Z] [IsntOnlyNull] Packet IN: undefined undefined
[2025-07-16T05:01:53.014Z] [IsntOnlyNull] Packet IN: undefined undefined
[2025-07-16T05:01:53.080Z] [IsntOnlyNull] Packet IN: undefined undefined
[2025-07-16T05:01:53.089Z] [IsntOnlyNull] Packet IN: undefined undefined
[2025-07-16T05:01:53.095Z] [IsntOnlyNull] Packet IN: undefined undefined
[2025-07-16T05:01:53.124Z] [IsntOnlyNull] Packet IN: undefined undefined
[2025-07-16T05:01:53.136Z] [IsntOnlyNull] Packet IN: undefined undefined
[2025-07-16T05:01:53.142Z] [IsntOnlyNull] Packet IN: undefined undefined
[2025-07-16T05:01:53.148Z] [IsntOnlyNull] Packet IN: undefined undefined
[2025-07-16T05:01:53.194Z] [IsntOnlyNull] Packet IN: undefined undefined
[2025-07-16T05:01:53.221Z] [IsntOnlyNull] Packet IN: undefined undefined
[2025-07-16T05:01:53.232Z] [IsntOnlyNull] Packet IN: undefined undefined
[2025-07-16T05:01:53.723Z] [IsntOnlyNull] Packet IN: undefined undefined
[2025-07-16T05:01:53.740Z] [IsntOnlyNull] Packet IN: undefined undefined
[2025-07-16T05:01:53.744Z] [IsntOnlyNull] Packet IN: undefined undefined
[2025-07-16T05:01:53.747Z] [IsntOnlyNull] Packet IN: undefined undefined
[2025-07-16T05:01:53.748Z] [IsntOnlyNull] Packet IN: undefined undefined
[2025-07-16T05:01:53.750Z] [IsntOnlyNull] Packet IN: undefined undefined
[2025-07-16T05:01:53.752Z] [IsntOnlyNull] Packet IN: undefined undefined
[2025-07-16T05:01:53.754Z] [IsntOnlyNull] Packet IN: undefined undefined
[2025-07-16T05:01:53.756Z] [IsntOnlyNull] Packet IN: undefined undefined
[2025-07-16T05:01:53.856Z] [IsntOnlyNull] Packet IN: undefined undefined
[2025-07-16T05:01:53.877Z] [IsntOnlyNull] Packet IN: undefined undefined
[2025-07-16T05:01:53.880Z] [IsntOnlyNull] Packet IN: undefined undefined
[2025-07-16T05:01:53.883Z] [IsntOnlyNull] Packet IN: undefined undefined
[2025-07-16T05:01:53.886Z] [IsntOnlyNull] Packet IN: undefined undefined
[2025-07-16T05:01:53.895Z] [IsntOnlyNull] Packet IN: undefined undefined
[2025-07-16T05:01:53.904Z] [IsntOnlyNull] Packet IN: undefined undefined
[2025-07-16T05:01:53.908Z] [IsntOnlyNull] Packet IN: undefined undefined
[2025-07-16T05:01:53.908Z] [IsntOnlyNull] Packet IN: undefined undefined
[2025-07-16T05:01:53.909Z] [IsntOnlyNull] Packet IN: undefined undefined
[2025-07-16T05:01:53.916Z] [IsntOnlyNull] Packet IN: undefined undefined
[2025-07-16T05:01:53.921Z] [IsntOnlyNull] Packet IN: undefined undefined
[2025-07-16T05:01:53.925Z] [IsntOnlyNull] Packet IN: [object Object] undefined
[2025-07-16T05:01:53.930Z] [IsntOnlyNull] Packet IN: undefined undefined
[2025-07-16T05:01:53.932Z] [IsntOnlyNull] Packet IN: undefined undefined
[2025-07-16T05:01:53.932Z] [IsntOnlyNull] Packet IN: undefined undefined
[2025-07-16T05:01:53.935Z] [IsntOnlyNull] Packet IN: undefined undefined
[2025-07-16T05:01:53.947Z] [IsntOnlyNull] Packet IN: undefined undefined
[2025-07-16T05:01:53.954Z] [IsntOnlyNull] Packet IN: undefined undefined
[2025-07-16T05:01:53.972Z] [IsntOnlyNull] Packet IN: undefined undefined
[2025-07-16T05:01:53.975Z] [IsntOnlyNull] Packet IN: undefined undefined
[2025-07-16T05:01:53.983Z] [IsntOnlyNull] Packet IN: undefined undefined
[2025-07-16T05:01:53.984Z] [IsntOnlyNull] Packet IN: undefined undefined
[2025-07-16T05:01:53.990Z] [IsntOnlyNull] Packet IN: undefined undefined
[2025-07-16T05:01:54.011Z] [IsntOnlyNull] Packet IN: undefined undefined
[2025-07-16T05:01:54.015Z] [IsntOnlyNull] Packet IN: undefined undefined
[2025-07-16T05:01:54.020Z] [IsntOnlyNull] Packet IN: undefined undefined
[2025-07-16T05:01:54.026Z] [IsntOnlyNull] Packet IN: undefined undefined
[2025-07-16T05:01:54.028Z] [IsntOnlyNull] Packet IN: undefined undefined
[2025-07-16T05:01:54.029Z] [IsntOnlyNull] Packet IN: undefined undefined
[2025-07-16T05:01:54.031Z] [IsntOnlyNull] Packet IN: undefined undefined
[2025-07-16T05:01:54.032Z] [IsntOnlyNull] Packet IN: undefined undefined
[2025-07-16T05:01:54.036Z] [IsntOnlyNull] Packet IN: undefined undefined
[2025-07-16T05:01:54.041Z] [IsntOnlyNull] Packet IN: undefined undefined
[2025-07-16T05:01:54.050Z] [IsntOnlyNull] Packet IN: undefined undefined
[2025-07-16T05:01:54.054Z] [IsntOnlyNull] Packet IN: undefined undefined
[2025-07-16T05:01:54.057Z] [IsntOnlyNull] Packet IN: undefined undefined
[2025-07-16T05:01:54.059Z] [IsntOnlyNull] Packet IN: undefined undefined
[2025-07-16T05:01:54.060Z] [IsntOnlyNull] Packet IN: undefined undefined
[2025-07-16T05:01:54.061Z] [IsntOnlyNull] Packet IN: undefined undefined
[2025-07-16T05:01:54.064Z] [IsntOnlyNull] Packet IN: undefined undefined
[2025-07-16T05:01:54.068Z] [IsntOnlyNull] Packet IN: undefined undefined
[2025-07-16T05:01:54.072Z] [IsntOnlyNull] Packet IN: undefined undefined
[2025-07-16T05:01:54.077Z] [IsntOnlyNull] Packet IN: undefined undefined
[2025-07-16T05:01:54.079Z] [IsntOnlyNull] Packet IN: undefined undefined
[2025-07-16T05:01:54.082Z] [IsntOnlyNull] Packet IN: undefined undefined
[2025-07-16T05:01:54.087Z] [IsntOnlyNull] Packet IN: undefined undefined
[2025-07-16T05:01:54.090Z] [IsntOnlyNull] Packet IN: undefined undefined
[2025-07-16T05:01:54.099Z] [IsntOnlyNull] Packet IN: undefined undefined
[2025-07-16T05:01:54.103Z] [IsntOnlyNull] Packet IN: undefined undefined
[2025-07-16T05:01:54.105Z] [IsntOnlyNull] Packet IN: undefined undefined
[2025-07-16T05:01:54.108Z] [IsntOnlyNull] Packet IN: undefined undefined
[2025-07-16T05:01:54.110Z] [IsntOnlyNull] Packet IN: undefined undefined
[2025-07-16T05:01:54.112Z] [IsntOnlyNull] Packet IN: undefined undefined
[2025-07-16T05:01:54.118Z] [IsntOnlyNull] Packet IN: undefined undefined
[2025-07-16T05:01:54.122Z] [IsntOnlyNull] Packet IN: undefined undefined
[2025-07-16T05:01:54.125Z] [IsntOnlyNull] Packet IN: undefined undefined
[2025-07-16T05:01:54.128Z] [IsntOnlyNull] Packet IN: undefined undefined
[2025-07-16T05:01:54.134Z] [IsntOnlyNull] Packet IN: undefined undefined
[2025-07-16T05:01:54.138Z] [IsntOnlyNull] Packet IN: undefined undefined
[2025-07-16T05:01:54.140Z] [IsntOnlyNull] Packet IN: undefined undefined
[2025-07-16T05:01:54.142Z] [IsntOnlyNull] Packet IN: undefined undefined
[2025-07-16T05:01:54.151Z] [IsntOnlyNull] Packet IN: undefined undefined
[2025-07-16T05:01:54.154Z] [IsntOnlyNull] Packet IN: undefined undefined
[2025-07-16T05:01:54.158Z] [IsntOnlyNull] Packet IN: undefined undefined
[2025-07-16T05:01:54.160Z] [IsntOnlyNull] Packet IN: undefined undefined
[2025-07-16T05:01:54.167Z] [IsntOnlyNull] Packet IN: undefined undefined
[2025-07-16T05:01:54.170Z] [IsntOnlyNull] Packet IN: undefined undefined
[2025-07-16T05:01:54.172Z] [IsntOnlyNull] Packet IN: undefined undefined
[2025-07-16T05:01:54.174Z] [IsntOnlyNull] Packet IN: undefined undefined
[2025-07-16T05:01:54.178Z] [IsntOnlyNull] Packet IN: undefined undefined
[2025-07-16T05:01:54.183Z] [IsntOnlyNull] Packet IN: undefined undefined
[2025-07-16T05:01:54.187Z] [IsntOnlyNull] Packet IN: undefined undefined
[2025-07-16T05:01:54.189Z] [IsntOnlyNull] Packet IN: undefined undefined
[2025-07-16T05:01:54.192Z] [IsntOnlyNull] Packet IN: undefined undefined
[2025-07-16T05:01:54.203Z] [IsntOnlyNull] Packet IN: undefined undefined
[2025-07-16T05:01:54.204Z] [IsntOnlyNull] Packet IN: undefined undefined
[2025-07-16T05:01:54.207Z] [IsntOnlyNull] Packet IN: undefined undefined
[2025-07-16T05:01:54.210Z] [IsntOnlyNull] Packet IN: undefined undefined
[2025-07-16T05:01:54.212Z] [IsntOnlyNull] Packet IN: undefined undefined
[2025-07-16T05:01:54.221Z] [IsntOnlyNull] Packet IN: undefined undefined
[2025-07-16T05:01:54.229Z] [IsntOnlyNull] Packet IN: undefined undefined
[2025-07-16T05:01:54.238Z] [IsntOnlyNull] Packet IN: undefined undefined
[2025-07-16T05:01:54.240Z] [IsntOnlyNull] Packet IN: undefined undefined
[2025-07-16T05:01:54.242Z] [IsntOnlyNull] Packet IN: undefined undefined
[2025-07-16T05:01:54.244Z] [IsntOnlyNull] Packet IN: undefined undefined
[2025-07-16T05:01:54.256Z] [IsntOnlyNull] Packet IN: undefined undefined
[2025-07-16T05:01:54.260Z] [IsntOnlyNull] Packet IN: undefined undefined
[2025-07-16T05:01:54.263Z] [IsntOnlyNull] Packet IN: undefined undefined
[2025-07-16T05:01:54.266Z] [IsntOnlyNull] Packet IN: undefined undefined
[2025-07-16T05:01:54.269Z] [IsntOnlyNull] Packet IN: undefined undefined
[2025-07-16T05:01:54.271Z] [IsntOnlyNull] Packet IN: undefined undefined
[2025-07-16T05:01:54.274Z] [IsntOnlyNull] Packet IN: undefined undefined
[2025-07-16T05:01:54.275Z] [IsntOnlyNull] Packet IN: undefined undefined
[2025-07-16T05:01:54.277Z] [IsntOnlyNull] Packet IN: undefined undefined
[2025-07-16T05:01:54.280Z] [IsntOnlyNull] Packet IN: undefined undefined
[2025-07-16T05:01:54.282Z] [IsntOnlyNull] Packet IN: undefined undefined
[2025-07-16T05:01:54.285Z] [IsntOnlyNull] Packet IN: undefined undefined
[2025-07-16T05:01:54.288Z] [IsntOnlyNull] Packet IN: undefined undefined
[2025-07-16T05:01:54.290Z] [IsntOnlyNull] Packet IN: undefined undefined
[2025-07-16T05:01:54.292Z] [IsntOnlyNull] Packet IN: undefined undefined
[2025-07-16T05:01:54.302Z] [IsntOnlyNull] Packet IN: undefined undefined
[2025-07-16T05:01:54.309Z] [IsntOnlyNull] Packet IN: undefined undefined
[2025-07-16T05:01:54.316Z] [IsntOnlyNull] Packet IN: undefined undefined
[2025-07-16T05:01:54.322Z] [IsntOnlyNull] Packet IN: undefined undefined
[2025-07-16T05:01:54.327Z] [IsntOnlyNull] Packet IN: undefined undefined
[2025-07-16T05:01:54.337Z] [IsntOnlyNull] Packet IN: undefined undefined
[2025-07-16T05:01:54.343Z] [IsntOnlyNull] Packet IN: undefined undefined
[2025-07-16T05:01:54.346Z] [IsntOnlyNull] Packet IN: undefined undefined
[2025-07-16T05:01:54.358Z] [IsntOnlyNull] Packet IN: undefined undefined
[2025-07-16T05:01:54.360Z] [IsntOnlyNull] Packet IN: undefined undefined
[2025-07-16T05:01:54.361Z] [IsntOnlyNull] Packet IN: undefined undefined
[2025-07-16T05:01:54.364Z] [IsntOnlyNull] Packet IN: undefined undefined
[2025-07-16T05:01:54.367Z] [IsntOnlyNull] Packet IN: undefined undefined
[2025-07-16T05:01:54.371Z] [IsntOnlyNull] Packet IN: undefined undefined
[2025-07-16T05:01:54.373Z] [IsntOnlyNull] Packet IN: undefined undefined
[2025-07-16T05:01:54.375Z] [IsntOnlyNull] Packet IN: undefined undefined
[2025-07-16T05:01:54.377Z] [IsntOnlyNull] Packet IN: undefined undefined
[2025-07-16T05:01:54.380Z] [IsntOnlyNull] Packet IN: undefined undefined
[2025-07-16T05:01:54.385Z] [IsntOnlyNull] Packet IN: undefined undefined
[2025-07-16T05:01:54.386Z] [IsntOnlyNull] Packet IN: undefined undefined
[2025-07-16T05:01:54.388Z] [IsntOnlyNull] Packet IN: undefined undefined
[2025-07-16T05:01:54.392Z] [IsntOnlyNull] Packet IN: undefined undefined
[2025-07-16T05:01:54.397Z] [IsntOnlyNull] Packet IN: undefined undefined
[2025-07-16T05:01:54.404Z] [IsntOnlyNull] Packet IN: undefined undefined
[2025-07-16T05:01:54.406Z] [IsntOnlyNull] Packet IN: undefined undefined
[2025-07-16T05:01:54.408Z] [IsntOnlyNull] Packet IN: undefined undefined
[2025-07-16T05:01:54.411Z] [IsntOnlyNull] Packet IN: undefined undefined
[2025-07-16T05:01:54.416Z] [IsntOnlyNull] Packet IN: undefined undefined
[2025-07-16T05:01:54.419Z] [IsntOnlyNull] Packet IN: undefined undefined
[2025-07-16T05:01:54.423Z] [IsntOnlyNull] Packet IN: undefined undefined
[2025-07-16T05:01:54.425Z] [IsntOnlyNull] Packet IN: undefined undefined
[2025-07-16T05:01:54.429Z] [IsntOnlyNull] Packet IN: undefined undefined
[2025-07-16T05:01:54.433Z] [IsntOnlyNull] Packet IN: undefined undefined
[2025-07-16T05:01:54.437Z] [IsntOnlyNull] Packet IN: undefined undefined
[2025-07-16T05:01:54.439Z] [IsntOnlyNull] Packet IN: undefined undefined
[2025-07-16T05:01:54.445Z] [IsntOnlyNull] Packet IN: undefined undefined
[2025-07-16T05:01:54.454Z] [IsntOnlyNull] Packet IN: undefined undefined
[2025-07-16T05:01:54.461Z] [IsntOnlyNull] Packet IN: undefined undefined
[2025-07-16T05:01:54.468Z] [IsntOnlyNull] Packet IN: undefined undefined
[2025-07-16T05:01:54.472Z] [IsntOnlyNull] Packet IN: undefined undefined
[2025-07-16T05:01:54.479Z] [IsntOnlyNull] Packet IN: undefined undefined
[2025-07-16T05:01:54.482Z] [IsntOnlyNull] Packet IN: undefined undefined
[2025-07-16T05:01:54.487Z] [IsntOnlyNull] Packet IN: undefined undefined
[2025-07-16T05:01:54.490Z] [IsntOnlyNull] Packet IN: undefined undefined
[2025-07-16T05:01:54.493Z] [IsntOnlyNull] Packet IN: undefined undefined
[2025-07-16T05:01:54.496Z] [IsntOnlyNull] Packet IN: undefined undefined
[2025-07-16T05:01:54.504Z] [IsntOnlyNull] Packet IN: undefined undefined
[2025-07-16T05:01:54.507Z] [IsntOnlyNull] Packet IN: undefined undefined
[2025-07-16T05:01:54.510Z] [IsntOnlyNull] Packet IN: undefined undefined
[2025-07-16T05:01:54.512Z] [IsntOnlyNull] Packet IN: undefined undefined
[2025-07-16T05:01:54.526Z] [IsntOnlyNull] Packet IN: undefined undefined
[2025-07-16T05:01:54.536Z] [IsntOnlyNull] Packet IN: undefined undefined
[2025-07-16T05:01:54.540Z] [IsntOnlyNull] Packet IN: undefined undefined
[2025-07-16T05:01:54.544Z] [IsntOnlyNull] Packet IN: undefined undefined
[2025-07-16T05:01:54.548Z] [IsntOnlyNull] Packet IN: undefined undefined
[2025-07-16T05:01:54.556Z] [IsntOnlyNull] Packet IN: undefined undefined
[2025-07-16T05:01:54.557Z] [IsntOnlyNull] Packet IN: undefined undefined
[2025-07-16T05:01:54.562Z] [IsntOnlyNull] Packet IN: undefined undefined
[2025-07-16T05:01:54.564Z] [IsntOnlyNull] Packet IN: undefined undefined
[2025-07-16T05:01:54.569Z] [IsntOnlyNull] Packet IN: undefined undefined
[2025-07-16T05:01:54.572Z] [IsntOnlyNull] Packet IN: undefined undefined
[2025-07-16T05:01:54.574Z] [IsntOnlyNull] Packet IN: undefined undefined
[2025-07-16T05:01:54.576Z] [IsntOnlyNull] Packet IN: undefined undefined
[2025-07-16T05:01:54.578Z] [IsntOnlyNull] Packet IN: undefined undefined
[2025-07-16T05:01:54.583Z] [IsntOnlyNull] Packet IN: undefined undefined
[2025-07-16T05:01:54.589Z] [IsntOnlyNull] Packet IN: undefined undefined
[2025-07-16T05:01:54.597Z] [IsntOnlyNull] Packet IN: undefined undefined
[2025-07-16T05:01:54.600Z] [IsntOnlyNull] Packet IN: undefined undefined
[2025-07-16T05:01:54.609Z] [IsntOnlyNull] Packet IN: undefined undefined
[2025-07-16T05:01:54.612Z] [IsntOnlyNull] Packet IN: undefined undefined
[2025-07-16T05:01:54.617Z] [IsntOnlyNull] Packet IN: undefined undefined
[2025-07-16T05:01:54.620Z] [IsntOnlyNull] Packet IN: undefined undefined
[2025-07-16T05:01:54.622Z] [IsntOnlyNull] Packet IN: undefined undefined
[2025-07-16T05:01:54.624Z] [IsntOnlyNull] Packet IN: undefined undefined
[2025-07-16T05:01:54.627Z] [IsntOnlyNull] Packet IN: undefined undefined
[2025-07-16T05:01:54.635Z] [IsntOnlyNull] Packet IN: undefined undefined
[2025-07-16T05:01:54.637Z] [IsntOnlyNull] Packet IN: undefined undefined
[2025-07-16T05:01:54.639Z] [IsntOnlyNull] Packet IN: undefined undefined
[2025-07-16T05:01:54.641Z] [IsntOnlyNull] Packet IN: undefined undefined
[2025-07-16T05:01:54.646Z] [IsntOnlyNull] Packet IN: undefined undefined
[2025-07-16T05:01:54.652Z] [IsntOnlyNull] Packet IN: undefined undefined
[2025-07-16T05:01:54.660Z] [IsntOnlyNull] Packet IN: undefined undefined
[2025-07-16T05:01:54.662Z] [IsntOnlyNull] Packet IN: undefined undefined
[2025-07-16T05:01:54.665Z] [IsntOnlyNull] Packet IN: undefined undefined
[2025-07-16T05:01:54.668Z] [IsntOnlyNull] Packet IN: undefined undefined
[2025-07-16T05:01:54.671Z] [IsntOnlyNull] Packet IN: undefined undefined
[2025-07-16T05:01:54.672Z] [IsntOnlyNull] Packet IN: undefined undefined
[2025-07-16T05:01:54.675Z] [IsntOnlyNull] Packet IN: undefined undefined
[2025-07-16T05:01:54.677Z] [IsntOnlyNull] Packet IN: undefined undefined
[2025-07-16T05:01:54.681Z] [IsntOnlyNull] Packet IN: undefined undefined
[2025-07-16T05:01:54.684Z] [IsntOnlyNull] Packet IN: undefined undefined
[2025-07-16T05:01:54.686Z] [IsntOnlyNull] Packet IN: undefined undefined
[2025-07-16T05:01:54.690Z] [IsntOnlyNull] Packet IN: undefined undefined
[2025-07-16T05:01:54.691Z] [IsntOnlyNull] Packet IN: undefined undefined
[2025-07-16T05:01:54.693Z] [IsntOnlyNull] Packet IN: undefined undefined
[2025-07-16T05:01:54.695Z] [IsntOnlyNull] Packet IN: undefined undefined
[2025-07-16T05:01:54.697Z] [IsntOnlyNull] Packet IN: undefined undefined
[2025-07-16T05:01:54.699Z] [IsntOnlyNull] Packet IN: undefined undefined
[2025-07-16T05:01:54.701Z] [IsntOnlyNull] Packet IN: undefined undefined
[2025-07-16T05:01:54.703Z] [IsntOnlyNull] Packet IN: undefined undefined
[2025-07-16T05:01:54.705Z] [IsntOnlyNull] Packet IN: undefined undefined
[2025-07-16T05:01:54.711Z] [IsntOnlyNull] Packet IN: undefined undefined
[2025-07-16T05:01:54.714Z] [IsntOnlyNull] Packet IN: undefined undefined
[2025-07-16T05:01:54.716Z] [IsntOnlyNull] Packet IN: undefined undefined
[2025-07-16T05:01:54.720Z] [IsntOnlyNull] Packet IN: undefined undefined
[2025-07-16T05:01:54.724Z] [IsntOnlyNull] Packet IN: undefined undefined
[2025-07-16T05:01:54.727Z] [IsntOnlyNull] Packet IN: undefined undefined
[2025-07-16T05:01:54.730Z] [IsntOnlyNull] Packet IN: undefined undefined
[2025-07-16T05:01:54.732Z] [IsntOnlyNull] Packet IN: undefined undefined
[2025-07-16T05:01:54.733Z] [IsntOnlyNull] Packet IN: undefined undefined
[2025-07-16T05:01:54.736Z] [IsntOnlyNull] Packet IN: undefined undefined
[2025-07-16T05:01:54.739Z] [IsntOnlyNull] Packet IN: undefined undefined
[2025-07-16T05:01:54.742Z] [IsntOnlyNull] Packet IN: undefined undefined
[2025-07-16T05:01:54.745Z] [IsntOnlyNull] Packet IN: undefined undefined
[2025-07-16T05:01:54.748Z] [IsntOnlyNull] Packet IN: undefined undefined
[2025-07-16T05:01:54.752Z] [IsntOnlyNull] Packet IN: undefined undefined
[2025-07-16T05:01:54.756Z] [IsntOnlyNull] Packet IN: undefined undefined
[2025-07-16T05:01:54.758Z] [IsntOnlyNull] Packet IN: undefined undefined
[2025-07-16T05:01:54.763Z] [IsntOnlyNull] Packet IN: undefined undefined
[2025-07-16T05:01:54.767Z] [IsntOnlyNull] Packet IN: undefined undefined
[2025-07-16T05:01:54.771Z] [IsntOnlyNull] Packet IN: undefined undefined
[2025-07-16T05:01:54.773Z] [IsntOnlyNull] Packet IN: undefined undefined
[2025-07-16T05:01:54.775Z] [IsntOnlyNull] Packet IN: undefined undefined
[2025-07-16T05:01:54.777Z] [IsntOnlyNull] Packet IN: undefined undefined
[2025-07-16T05:01:54.780Z] [IsntOnlyNull] Packet IN: undefined undefined
[2025-07-16T05:01:54.783Z] [IsntOnlyNull] Packet IN: undefined undefined
[2025-07-16T05:01:54.787Z] [IsntOnlyNull] Packet IN: undefined undefined
[2025-07-16T05:01:54.789Z] [IsntOnlyNull] Packet IN: undefined undefined
[2025-07-16T05:01:54.791Z] [IsntOnlyNull] Packet IN: undefined undefined
[2025-07-16T05:01:54.793Z] [IsntOnlyNull] Packet IN: undefined undefined
[2025-07-16T05:01:54.795Z] [IsntOnlyNull] Packet IN: undefined undefined
[2025-07-16T05:01:54.798Z] [IsntOnlyNull] Packet IN: undefined undefined
[2025-07-16T05:01:54.802Z] [IsntOnlyNull] Packet IN: undefined undefined
[2025-07-16T05:01:54.804Z] [IsntOnlyNull] Packet IN: undefined undefined
[2025-07-16T05:01:54.806Z] [IsntOnlyNull] Packet IN: undefined undefined
[2025-07-16T05:01:54.807Z] [IsntOnlyNull] Packet IN: undefined undefined
[2025-07-16T05:01:54.812Z] [IsntOnlyNull] Packet IN: undefined undefined
[2025-07-16T05:01:54.814Z] [IsntOnlyNull] Packet IN: undefined undefined
[2025-07-16T05:01:54.816Z] [IsntOnlyNull] Packet IN: undefined undefined
[2025-07-16T05:01:54.820Z] [IsntOnlyNull] Packet IN: undefined undefined
[2025-07-16T05:01:54.821Z] [IsntOnlyNull] Packet IN: undefined undefined
[2025-07-16T05:01:54.823Z] [IsntOnlyNull] Packet IN: undefined undefined
[2025-07-16T05:01:54.830Z] [IsntOnlyNull] Packet IN: undefined undefined
[2025-07-16T05:01:54.832Z] [IsntOnlyNull] Packet IN: undefined undefined
[2025-07-16T05:01:54.835Z] [IsntOnlyNull] Packet IN: undefined undefined
[2025-07-16T05:01:54.838Z] [IsntOnlyNull] Packet IN: undefined undefined
[2025-07-16T05:01:54.840Z] [IsntOnlyNull] Packet IN: undefined undefined
[2025-07-16T05:01:54.844Z] [IsntOnlyNull] Packet IN: undefined undefined
[2025-07-16T05:01:54.850Z] [IsntOnlyNull] Packet IN: undefined undefined
[2025-07-16T05:01:54.852Z] [IsntOnlyNull] Packet IN: undefined undefined
[2025-07-16T05:01:54.855Z] [IsntOnlyNull] Packet IN: undefined undefined
[2025-07-16T05:01:54.858Z] [IsntOnlyNull] Packet IN: undefined undefined
[2025-07-16T05:01:54.863Z] [IsntOnlyNull] Packet IN: undefined undefined
[2025-07-16T05:01:54.866Z] [IsntOnlyNull] Packet IN: undefined undefined
[2025-07-16T05:01:54.868Z] [IsntOnlyNull] Packet IN: undefined undefined
[2025-07-16T05:01:54.870Z] [IsntOnlyNull] Packet IN: undefined undefined
[2025-07-16T05:01:54.872Z] [IsntOnlyNull] Packet IN: undefined undefined
[2025-07-16T05:01:54.874Z] [IsntOnlyNull] Packet IN: undefined undefined
[2025-07-16T05:01:54.875Z] [IsntOnlyNull] Packet IN: undefined undefined
[2025-07-16T05:01:54.879Z] [IsntOnlyNull] Packet IN: undefined undefined
[2025-07-16T05:01:54.882Z] [IsntOnlyNull] Packet IN: undefined undefined
[2025-07-16T05:01:54.884Z] [IsntOnlyNull] Packet IN: undefined undefined
[2025-07-16T05:01:54.887Z] [IsntOnlyNull] Packet IN: undefined undefined
[2025-07-16T05:01:54.888Z] [IsntOnlyNull] Packet IN: undefined undefined
[2025-07-16T05:01:54.890Z] [IsntOnlyNull] Packet IN: undefined undefined
[2025-07-16T05:01:54.893Z] [IsntOnlyNull] Packet IN: undefined undefined
[2025-07-16T05:01:54.896Z] [IsntOnlyNull] Packet IN: undefined undefined
[2025-07-16T05:01:54.899Z] [IsntOnlyNull] Packet IN: undefined undefined
[2025-07-16T05:01:54.902Z] [IsntOnlyNull] Packet IN: undefined undefined
[2025-07-16T05:01:54.904Z] [IsntOnlyNull] Packet IN: undefined undefined
[2025-07-16T05:01:54.906Z] [IsntOnlyNull] Packet IN: undefined undefined
[2025-07-16T05:01:54.908Z] [IsntOnlyNull] Packet IN: undefined undefined
[2025-07-16T05:01:54.915Z] [IsntOnlyNull] Packet IN: undefined undefined
[2025-07-16T05:01:54.917Z] [IsntOnlyNull] Packet IN: undefined undefined
[2025-07-16T05:01:54.920Z] [IsntOnlyNull] Packet IN: undefined undefined
[2025-07-16T05:01:54.922Z] [IsntOnlyNull] Packet IN: undefined undefined
[2025-07-16T05:01:54.928Z] [IsntOnlyNull] Packet IN: undefined undefined
[2025-07-16T05:01:54.930Z] [IsntOnlyNull] Packet IN: undefined undefined
[2025-07-16T05:01:54.932Z] [IsntOnlyNull] Packet IN: undefined undefined
[2025-07-16T05:01:54.934Z] [IsntOnlyNull] Packet IN: undefined undefined
[2025-07-16T05:01:54.937Z] [IsntOnlyNull] Por favor, inicie sesión con el comando: /login <contraseña>
[2025-07-16T05:01:54.944Z] [IsntOnlyNull] Packet IN: undefined undefined
[2025-07-16T05:01:54.945Z] [IsntOnlyNull] Packet IN: undefined undefined
[2025-07-16T05:01:54.949Z] [IsntOnlyNull] Packet IN: undefined undefined
[2025-07-16T05:01:54.951Z] [IsntOnlyNull] Packet IN: undefined undefined
[2025-07-16T05:01:54.953Z] [IsntOnlyNull] Packet IN: undefined undefined
[2025-07-16T05:01:54.956Z] [IsntOnlyNull] Packet IN: undefined undefined
[2025-07-16T05:01:55.042Z] [IsntOnlyNull] Packet IN: undefined undefined
[2025-07-16T05:01:55.043Z] [IsntOnlyNull] Acceso exitoso!
[2025-07-16T05:01:55.087Z] [IsntOnlyNull] Packet IN: undefined undefined
[2025-07-16T05:01:55.088Z] [IsntOnlyNull] Packet IN: undefined undefined
[2025-07-16T05:01:55.089Z] [IsntOnlyNull] Packet IN: undefined undefined
[2025-07-16T05:01:55.091Z] [IsntOnlyNull] Packet IN: undefined undefined
[2025-07-16T05:01:55.095Z] [IsntOnlyNull] Packet IN: undefined undefined
[2025-07-16T05:01:55.096Z] [IsntOnlyNull] Packet IN: undefined undefined
[2025-07-16T05:01:55.103Z] [IsntOnlyNull] Packet IN: undefined undefined
[2025-07-16T05:01:55.104Z] [IsntOnlyNull] Packet IN: undefined undefined
[2025-07-16T05:01:55.105Z] [IsntOnlyNull] Packet IN: undefined undefined
[2025-07-16T05:01:55.106Z] [IsntOnlyNull] Packet IN: undefined undefined
[2025-07-16T05:01:55.108Z] [IsntOnlyNull] Packet IN: undefined undefined
[2025-07-16T05:01:55.109Z] [IsntOnlyNull] Packet IN: undefined undefined
[2025-07-16T05:01:55.112Z] [IsntOnlyNull] Packet IN: undefined undefined
[2025-07-16T05:01:55.113Z] [IsntOnlyNull] Packet IN: undefined undefined
[2025-07-16T05:01:55.110Z] [IsntOnlyNull] Packet IN: undefined undefined
[2025-07-16T05:01:55.115Z] [IsntOnlyNull] Packet IN: undefined undefined
[2025-07-16T05:01:55.116Z] [IsntOnlyNull] Packet IN: undefined undefined
[2025-07-16T05:01:55.117Z] [IsntOnlyNull] Packet IN: undefined undefined
[2025-07-16T05:01:55.118Z] [IsntOnlyNull] Packet IN: undefined undefined
[2025-07-16T05:01:55.119Z] [IsntOnlyNull] Packet IN: undefined undefined
[2025-07-16T05:01:55.121Z] [IsntOnlyNull] Packet IN: undefined undefined
[2025-07-16T05:01:55.122Z] [IsntOnlyNull] Packet IN: undefined undefined
[2025-07-16T05:01:55.124Z] [IsntOnlyNull] Packet IN: undefined undefined
[2025-07-16T05:01:55.133Z] [IsntOnlyNull] Packet IN: undefined undefined
[2025-07-16T05:01:55.132Z] [IsntOnlyNull] Packet IN: undefined undefined
[2025-07-16T05:01:55.134Z] [IsntOnlyNull] Packet IN: undefined undefined
[2025-07-16T05:01:55.137Z] [IsntOnlyNull] Packet IN: undefined undefined
[2025-07-16T05:01:55.138Z] [IsntOnlyNull] Packet IN: undefined undefined
[2025-07-16T05:01:55.142Z] [IsntOnlyNull] Packet IN: undefined undefined
[2025-07-16T05:01:55.143Z] [IsntOnlyNull] Packet IN: undefined undefined
[2025-07-16T05:01:55.136Z] [IsntOnlyNull] Packet IN: undefined undefined
[2025-07-16T05:01:55.137Z] [IsntOnlyNull] Packet IN: undefined undefined
[2025-07-16T05:01:55.144Z] [IsntOnlyNull] Packet IN: undefined undefined
[2025-07-16T05:01:55.146Z] [IsntOnlyNull] Packet IN: undefined undefined
[2025-07-16T05:01:55.147Z] [IsntOnlyNull] Packet IN: undefined undefined
[2025-07-16T05:01:55.148Z] [IsntOnlyNull] Packet IN: undefined undefined
[2025-07-16T05:01:55.153Z] [IsntOnlyNull] Packet IN: undefined undefined
[2025-07-16T05:01:55.151Z] [IsntOnlyNull] Packet IN: undefined undefined
[2025-07-16T05:01:55.154Z] [IsntOnlyNull] Packet IN: undefined undefined
[2025-07-16T05:01:55.152Z] [IsntOnlyNull] Packet IN: undefined undefined
[2025-07-16T05:01:55.155Z] [IsntOnlyNull] Packet IN: undefined undefined
[2025-07-16T05:01:55.159Z] [IsntOnlyNull] Packet IN: undefined undefined
[2025-07-16T05:01:55.157Z] [IsntOnlyNull] Packet IN: undefined undefined
[2025-07-16T05:01:55.164Z] [IsntOnlyNull] Packet IN: undefined undefined
[2025-07-16T05:01:55.162Z] [IsntOnlyNull] Packet IN: undefined undefined
[2025-07-16T05:01:55.158Z] [IsntOnlyNull] Packet IN: undefined undefined
[2025-07-16T05:01:55.160Z] [IsntOnlyNull] Packet IN: undefined undefined
[2025-07-16T05:01:55.171Z] [IsntOnlyNull] Packet IN: undefined undefined
[2025-07-16T05:01:55.170Z] [IsntOnlyNull] Packet IN: undefined undefined
[2025-07-16T05:01:55.173Z] [IsntOnlyNull] Packet IN: undefined undefined
[2025-07-16T05:01:55.175Z] [IsntOnlyNull] Packet IN: undefined undefined
[2025-07-16T05:01:55.176Z] [IsntOnlyNull] Packet IN: undefined undefined
[2025-07-16T05:01:55.177Z] [IsntOnlyNull] Packet IN: undefined undefined
[2025-07-16T05:01:55.178Z] [IsntOnlyNull] Packet IN: undefined undefined
[2025-07-16T05:01:55.180Z] [IsntOnlyNull] Packet IN: undefined undefined
[2025-07-16T05:01:55.178Z] [IsntOnlyNull] Packet IN: undefined undefined
[2025-07-16T05:01:55.181Z] [IsntOnlyNull] Packet IN: undefined undefined
[2025-07-16T05:01:55.182Z] [IsntOnlyNull] Packet IN: undefined undefined
[2025-07-16T05:01:55.191Z] [IsntOnlyNull] Packet IN: undefined undefined
[2025-07-16T05:01:55.192Z] [IsntOnlyNull] Packet IN: undefined undefined
[2025-07-16T05:01:55.183Z] [IsntOnlyNull] Packet IN: undefined undefined
[2025-07-16T05:01:55.194Z] [IsntOnlyNull] Packet IN: undefined undefined
[2025-07-16T05:01:55.200Z] [IsntOnlyNull] Packet IN: undefined undefined
[2025-07-16T05:01:55.199Z] [IsntOnlyNull] Packet IN: undefined undefined
[2025-07-16T05:01:55.193Z] [IsntOnlyNull] Packet IN: undefined undefined
[2025-07-16T05:01:55.200Z] [IsntOnlyNull] Packet IN: undefined undefined
[2025-07-16T05:01:55.203Z] [IsntOnlyNull] Packet IN: undefined undefined
[2025-07-16T05:01:55.206Z] [IsntOnlyNull] Packet IN: undefined undefined
[2025-07-16T05:01:55.204Z] [IsntOnlyNull] Packet IN: undefined undefined
[2025-07-16T05:01:55.208Z] [IsntOnlyNull] Packet IN: undefined undefined
[2025-07-16T05:01:55.219Z] [IsntOnlyNull] Packet IN: undefined undefined
[2025-07-16T05:01:55.215Z] [IsntOnlyNull] Packet IN: undefined undefined
[2025-07-16T05:01:55.221Z] [IsntOnlyNull] Packet IN: undefined undefined
[2025-07-16T05:01:55.220Z] [IsntOnlyNull] Packet IN: undefined undefined
[2025-07-16T05:01:55.223Z] [IsntOnlyNull] Packet IN: undefined undefined
[2025-07-16T05:01:55.225Z] [IsntOnlyNull] Packet IN: undefined undefined
[2025-07-16T05:01:55.227Z] [IsntOnlyNull] Packet IN: undefined undefined
[2025-07-16T05:01:55.236Z] [IsntOnlyNull] Packet IN: undefined undefined
[2025-07-16T05:01:55.233Z] [IsntOnlyNull] Packet IN: undefined undefined
[2025-07-16T05:01:55.237Z] [IsntOnlyNull] Packet IN: undefined undefined
[2025-07-16T05:01:55.243Z] [IsntOnlyNull] Packet IN: undefined undefined
[2025-07-16T05:01:55.245Z] [IsntOnlyNull] Packet IN: undefined undefined
[2025-07-16T05:01:55.250Z] [IsntOnlyNull] Packet IN: undefined undefined
[2025-07-16T05:01:55.256Z] [IsntOnlyNull] Packet IN: undefined undefined
[2025-07-16T05:01:55.259Z] [IsntOnlyNull] Packet IN: undefined undefined
[2025-07-16T05:01:55.268Z] [IsntOnlyNull] Packet IN: undefined undefined
[2025-07-16T05:01:55.271Z] [IsntOnlyNull] Packet IN: undefined undefined
[2025-07-16T05:01:55.257Z] [IsntOnlyNull] Packet IN: undefined undefined
[2025-07-16T05:01:55.272Z] [IsntOnlyNull] Packet IN: undefined undefined
[2025-07-16T05:01:55.273Z] [IsntOnlyNull] Packet IN: undefined undefined
[2025-07-16T05:01:55.274Z] [IsntOnlyNull] Packet IN: undefined undefined
[2025-07-16T05:01:55.276Z] [IsntOnlyNull] Packet IN: undefined undefined
[2025-07-16T05:01:55.277Z] [IsntOnlyNull] Packet IN: undefined undefined
[2025-07-16T05:01:55.284Z] [IsntOnlyNull] Packet IN: undefined undefined
[2025-07-16T05:01:55.260Z] [IsntOnlyNull] Packet IN: undefined undefined
[2025-07-16T05:01:55.269Z] [IsntOnlyNull] Packet IN: undefined undefined
[2025-07-16T05:01:55.286Z] [IsntOnlyNull] Packet IN: undefined undefined
[2025-07-16T05:01:55.287Z] [IsntOnlyNull] Packet IN: undefined undefined
[2025-07-16T05:01:55.291Z] [IsntOnlyNull] Packet IN: undefined undefined
[2025-07-16T05:01:55.292Z] [IsntOnlyNull] Packet IN: undefined undefined
[2025-07-16T05:01:55.292Z] [IsntOnlyNull] Packet IN: undefined undefined
[2025-07-16T05:01:55.315Z] [IsntOnlyNull] Packet IN: undefined undefined
[2025-07-16T05:01:55.300Z] [IsntOnlyNull] Packet IN: undefined undefined
[2025-07-16T05:01:55.319Z] [IsntOnlyNull] Packet IN: undefined undefined
[2025-07-16T05:01:55.320Z] [IsntOnlyNull] Packet IN: undefined undefined
[2025-07-16T05:01:55.323Z] [IsntOnlyNull] Packet IN: undefined undefined
[2025-07-16T05:01:55.321Z] [IsntOnlyNull] Packet IN: undefined undefined
[2025-07-16T05:01:55.323Z] [IsntOnlyNull] Packet IN: undefined undefined
[2025-07-16T05:01:55.325Z] [IsntOnlyNull] Packet IN: undefined undefined
[2025-07-16T05:01:55.544Z] [IsntOnlyNull] Packet IN: undefined undefined
[2025-07-16T05:01:55.327Z] [IsntOnlyNull] Packet IN: undefined undefined
[2025-07-16T05:01:55.303Z] [IsntOnlyNull] Packet IN: undefined undefined
[2025-07-16T05:01:55.919Z] [IsntOnlyNull] Packet IN: undefined undefined
[2025-07-16T05:01:55.888Z] [IsntOnlyNull] Packet IN: undefined undefined
[2025-07-16T05:01:55.942Z] [IsntOnlyNull] Packet IN: undefined undefined
[2025-07-16T05:01:55.986Z] [IsntOnlyNull] Packet IN: undefined undefined
[2025-07-16T05:01:56.039Z] [IsntOnlyNull] Packet IN: undefined undefined
[2025-07-16T05:01:56.043Z] [IsntOnlyNull] Packet IN: undefined undefined
[2025-07-16T05:01:56.055Z] [IsntOnlyNull] Packet IN: undefined undefined
[2025-07-16T05:01:56.065Z] [IsntOnlyNull] Packet IN: undefined undefined
[2025-07-16T05:01:56.077Z] [IsntOnlyNull] Packet IN: undefined undefined
[2025-07-16T05:01:55.773Z] [IsntOnlyNull] Packet IN: undefined undefined
[2025-07-16T05:01:56.080Z] [IsntOnlyNull] Packet IN: undefined undefined
[2025-07-16T05:01:56.091Z] [IsntOnlyNull] Packet IN: undefined undefined
[2025-07-16T05:01:56.093Z] [IsntOnlyNull] Packet IN: undefined undefined
[2025-07-16T05:01:56.092Z] [IsntOnlyNull] Packet IN: undefined undefined
[2025-07-16T05:01:56.105Z] [IsntOnlyNull] Packet IN: undefined undefined
[2025-07-16T05:01:56.098Z] [IsntOnlyNull] Packet IN: undefined undefined
[2025-07-16T05:01:56.099Z] [IsntOnlyNull] Packet IN: undefined undefined
[2025-07-16T05:01:56.108Z] [IsntOnlyNull] Packet IN: undefined undefined
[2025-07-16T05:01:56.116Z] [IsntOnlyNull] Packet IN: undefined undefined
[2025-07-16T05:01:56.110Z] [IsntOnlyNull] Packet IN: undefined undefined
[2025-07-16T05:01:56.122Z] [IsntOnlyNull] Packet IN: undefined undefined
[2025-07-16T05:01:56.109Z] [IsntOnlyNull] Packet IN: undefined undefined
[2025-07-16T05:01:56.126Z] [IsntOnlyNull] Packet IN: undefined undefined
[2025-07-16T05:01:56.123Z] [IsntOnlyNull] Packet IN: undefined undefined
[2025-07-16T05:01:56.119Z] [IsntOnlyNull] Packet IN: undefined undefined
[2025-07-16T05:01:56.136Z] [IsntOnlyNull] Packet IN: undefined undefined
[2025-07-16T05:01:56.138Z] [IsntOnlyNull] Packet IN: undefined undefined
[2025-07-16T05:01:56.133Z] [IsntOnlyNull] Packet IN: undefined undefined
[2025-07-16T05:01:56.140Z] [IsntOnlyNull] Packet IN: undefined undefined
[2025-07-16T05:01:56.141Z] [IsntOnlyNull] Packet IN: undefined undefined
[2025-07-16T05:01:56.139Z] [IsntOnlyNull] Packet IN: undefined undefined
[2025-07-16T05:01:56.157Z] [IsntOnlyNull] Packet IN: undefined undefined
[2025-07-16T05:01:56.160Z] [IsntOnlyNull] Packet IN: undefined undefined
[2025-07-16T05:01:56.266Z] [IsntOnlyNull] Packet IN: undefined undefined
[2025-07-16T05:01:56.287Z] [IsntOnlyNull] Packet IN: undefined undefined
[2025-07-16T05:01:56.297Z] [IsntOnlyNull] Packet IN: undefined undefined
[2025-07-16T05:01:56.204Z] [IsntOnlyNull] Packet IN: undefined undefined
[2025-07-16T05:01:56.306Z] [IsntOnlyNull] Packet IN: undefined undefined
[2025-07-16T05:01:56.320Z] [IsntOnlyNull] Packet IN: undefined undefined
[2025-07-16T05:01:56.318Z] [IsntOnlyNull] Packet IN: undefined undefined
[2025-07-16T05:01:56.323Z] [IsntOnlyNull] Packet IN: undefined undefined
[2025-07-16T05:01:56.324Z] [IsntOnlyNull] Packet IN: undefined undefined
[2025-07-16T05:01:56.321Z] [IsntOnlyNull] Packet IN: undefined undefined
[2025-07-16T05:01:56.327Z] [IsntOnlyNull] Packet IN: undefined undefined
[2025-07-16T05:01:56.326Z] [IsntOnlyNull] Packet IN: undefined undefined
[2025-07-16T05:01:56.325Z] [IsntOnlyNull] Packet IN: undefined undefined
[2025-07-16T05:01:56.336Z] [IsntOnlyNull] Packet IN: undefined undefined
[2025-07-16T05:01:56.337Z] [IsntOnlyNull] Packet IN: undefined undefined
[2025-07-16T05:01:56.340Z] [IsntOnlyNull] Packet IN: undefined undefined
[2025-07-16T05:01:56.350Z] [IsntOnlyNull] Packet IN: undefined undefined
[2025-07-16T05:01:56.353Z] [IsntOnlyNull] Packet IN: undefined undefined
[2025-07-16T05:01:56.359Z] [IsntOnlyNull] Packet IN: undefined undefined
[2025-07-16T05:01:56.373Z] [IsntOnlyNull] Packet IN: undefined undefined
[2025-07-16T05:01:56.381Z] [IsntOnlyNull] Packet IN: undefined undefined
[2025-07-16T05:01:56.385Z] [IsntOnlyNull] Packet IN: undefined undefined
[2025-07-16T05:01:56.390Z] [IsntOnlyNull] Packet IN: undefined undefined
[2025-07-16T05:01:56.398Z] [IsntOnlyNull] Packet IN: undefined undefined
[2025-07-16T05:01:56.403Z] [IsntOnlyNull] Packet IN: undefined undefined
[2025-07-16T05:01:56.407Z] [IsntOnlyNull] Packet IN: undefined undefined
[2025-07-16T05:01:56.410Z] [IsntOnlyNull] Packet IN: undefined undefined
[2025-07-16T05:01:56.413Z] [IsntOnlyNull] Packet IN: undefined undefined
[2025-07-16T05:01:56.425Z] [IsntOnlyNull] Packet IN: undefined undefined
[2025-07-16T05:01:56.432Z] [IsntOnlyNull] Packet IN: undefined undefined
[2025-07-16T12:30:31.043Z] [IsntOnlyNull] Por favor, inicie sesión con el comando: /login <contraseña>
[2025-07-16T12:30:31.245Z] [IsntOnlyNull] Acceso exitoso!
[2025-07-16T12:30:32.322Z] [IsntOnlyNull] [Rio de Plata] /town set board [msg]
[2025-07-16T12:30:32.324Z] [IsntOnlyNull] [Los E.A.U] El pais del futuro y del progreso
[2025-07-16T12:30:32.326Z] [IsntOnlyNull] [+] 
[2025-07-16T12:34:53.890Z] [IsntOnlyNull] Por favor, inicie sesión con el comando: /login <contraseña>
[2025-07-16T12:34:54.086Z] [IsntOnlyNull] Acceso exitoso!
[2025-07-16T12:34:56.009Z] [IsntOnlyNull] [Rio de Plata] /town set board [msg]
[2025-07-16T12:34:56.010Z] [IsntOnlyNull] [Los E.A.U] El pais del futuro y del progreso
[2025-07-16T12:34:56.011Z] [IsntOnlyNull] [+] 
[2025-07-16T12:37:43.098Z] [IsntOnlyNull] Por favor, inicie sesión con el comando: /login <contraseña>
[2025-07-16T12:37:43.283Z] [IsntOnlyNull] Acceso exitoso!
[2025-07-16T12:37:44.179Z] [IsntOnlyNull] [Rio de Plata] /town set board [msg]
[2025-07-16T12:37:44.180Z] [IsntOnlyNull] [Los E.A.U] El pais del futuro y del progreso
[2025-07-16T12:37:44.183Z] [IsntOnlyNull] [+] 
[2025-07-16T12:42:05.787Z] [IsntOnlyNull] Por favor, inicie sesión con el comando: /login <contraseña>
[2025-07-16T12:42:05.993Z] [IsntOnlyNull] Acceso exitoso!
[2025-07-16T12:42:07.005Z] [IsntOnlyNull] [Rio de Plata] /town set board [msg]
[2025-07-16T12:42:07.006Z] [IsntOnlyNull] [Los E.A.U] El pais del futuro y del progreso
[2025-07-16T12:42:07.008Z] [IsntOnlyNull] [+] 
[2025-07-16T12:50:10.241Z] [IsntOnlyNull] Por favor, inicie sesión con el comando: /login <contraseña>
[2025-07-16T12:50:10.439Z] [IsntOnlyNull] Acceso exitoso!
[2025-07-16T12:50:11.397Z] [IsntOnlyNull] [Rio de Plata] /town set board [msg]
[2025-07-16T12:50:11.397Z] [IsntOnlyNull] [Los E.A.U] El pais del futuro y del progreso
[2025-07-16T12:50:11.399Z] [IsntOnlyNull] [+] 
[2025-07-16T13:03:25.150Z] [IsntOnlyNull] Por favor, inicie sesión con el comando: /login <contraseña>
[2025-07-16T13:03:28.907Z] [IsntOnlyNull] You need to be authenticated in order to use this command!
[2025-07-16T13:03:30.149Z] [IsntOnlyNull] Por favor, inicie sesión con el comando: /login <contraseña>
[2025-07-16T13:03:35.149Z] [IsntOnlyNull] Por favor, inicie sesión con el comando: /login <contraseña>
[2025-07-16T13:03:40.148Z] [IsntOnlyNull] Por favor, inicie sesión con el comando: /login <contraseña>
[2025-07-16T13:03:43.249Z] [IsntOnlyNull] Acceso exitoso!
[2025-07-16T13:03:44.109Z] [IsntOnlyNull] [Rio de Plata] /town set board [msg]
[2025-07-16T13:03:44.109Z] [IsntOnlyNull] [Los E.A.U] El pais del futuro y del progreso
[2025-07-16T13:03:44.110Z] [IsntOnlyNull] [+] 
[2025-07-16T13:06:44.187Z] [IsntOnlyNull] Por favor, inicie sesión con el comando: /login <contraseña>
[2025-07-16T13:06:48.033Z] [IsntOnlyNull] You need to be authenticated in order to use this command!
[2025-07-16T13:06:49.148Z] [IsntOnlyNull] Por favor, inicie sesión con el comando: /login <contraseña>
[2025-07-16T13:06:49.699Z] [IsntOnlyNull] Acceso exitoso!
[2025-07-16T13:06:50.621Z] [IsntOnlyNull] [Rio de Plata] /town set board [msg]
[2025-07-16T13:06:50.623Z] [IsntOnlyNull] [Los E.A.U] El pais del futuro y del progreso
[2025-07-16T13:06:50.624Z] [IsntOnlyNull] [+] 
[2025-07-16T13:09:17.607Z] [IsntOnlyNull] You need to be authenticated in order to use this command!
[2025-07-16T13:09:18.799Z] [IsntOnlyNull] Por favor, inicie sesión con el comando: /login <contraseña>
[2025-07-16T13:09:19.001Z] [IsntOnlyNull] Acceso exitoso!
[2025-07-16T13:09:19.963Z] [IsntOnlyNull] [Rio de Plata] /town set board [msg]
[2025-07-16T13:09:19.964Z] [IsntOnlyNull] [Los E.A.U] El pais del futuro y del progreso
[2025-07-16T13:09:19.965Z] [IsntOnlyNull] [+] 
[2025-07-16T19:17:24.858Z] [IsntOnlyNull] You need to be authenticated in order to use this command!
[2025-07-16T19:17:25.531Z] [IsntOnlyNull] Por favor, inicie sesión con el comando: /login <contraseña>
[2025-07-16T19:17:30.535Z] [IsntOnlyNull] Por favor, inicie sesión con el comando: /login <contraseña>
[2025-07-16T19:17:35.529Z] [IsntOnlyNull] Por favor, inicie sesión con el comando: /login <contraseña>
[2025-07-16T19:17:39.680Z] [IsntOnlyNull] Acceso exitoso!
[2025-07-16T19:17:40.979Z] [IsntOnlyNull] [Rio de Plata] /town set board [msg]
[2025-07-16T19:17:40.982Z] [IsntOnlyNull] [Los E.A.U] El pais del futuro y del progreso
[2025-07-16T19:17:40.985Z] [IsntOnlyNull] [+] 
[2025-07-16T19:19:04.273Z] [IsntOnlyNull] You need to be authenticated in order to use this command!
[2025-07-16T19:19:04.679Z] [IsntOnlyNull] Por favor, inicie sesión con el comando: /login <contraseña>
[2025-07-16T19:19:09.678Z] [IsntOnlyNull] Por favor, inicie sesión con el comando: /login <contraseña>
[2025-07-16T19:19:14.680Z] [IsntOnlyNull] Por favor, inicie sesión con el comando: /login <contraseña>
[2025-07-16T19:19:19.679Z] [IsntOnlyNull] Por favor, inicie sesión con el comando: /login <contraseña>
[2025-07-16T19:19:24.684Z] [IsntOnlyNull] Por favor, inicie sesión con el comando: /login <contraseña>
[2025-07-16T19:19:29.691Z] [IsntOnlyNull] Por favor, inicie sesión con el comando: /login <contraseña>
[2025-07-16T19:19:34.679Z] [IsntOnlyNull] Por favor, inicie sesión con el comando: /login <contraseña>
[2025-07-16T19:19:39.684Z] [IsntOnlyNull] Por favor, inicie sesión con el comando: /login <contraseña>
[2025-07-16T19:19:44.678Z] [IsntOnlyNull] Por favor, inicie sesión con el comando: /login <contraseña>
[2025-07-16T19:19:49.713Z] [IsntOnlyNull] Por favor, inicie sesión con el comando: /login <contraseña>
[2025-07-16T19:19:54.682Z] [IsntOnlyNull] Por favor, inicie sesión con el comando: /login <contraseña>
[2025-07-16T19:19:59.682Z] [IsntOnlyNull] Por favor, inicie sesión con el comando: /login <contraseña>
[2025-07-16T19:20:04.677Z] [IsntOnlyNull] Por favor, inicie sesión con el comando: /login <contraseña>
[2025-07-16T19:20:09.677Z] [IsntOnlyNull] Por favor, inicie sesión con el comando: /login <contraseña>
[2025-07-16T19:20:14.694Z] [IsntOnlyNull] Por favor, inicie sesión con el comando: /login <contraseña>
[2025-07-16T19:20:19.695Z] [IsntOnlyNull] Por favor, inicie sesión con el comando: /login <contraseña>
[2025-07-16T19:20:24.708Z] [IsntOnlyNull] Por favor, inicie sesión con el comando: /login <contraseña>
[2025-07-16T19:20:29.769Z] [IsntOnlyNull] Por favor, inicie sesión con el comando: /login <contraseña>
[2025-07-16T19:20:34.767Z] [IsntOnlyNull] Por favor, inicie sesión con el comando: /login <contraseña>
[2025-07-16T19:20:39.679Z] [IsntOnlyNull] Por favor, inicie sesión con el comando: /login <contraseña>
[2025-07-16T19:20:44.684Z] [IsntOnlyNull] Por favor, inicie sesión con el comando: /login <contraseña>
[2025-07-16T19:20:49.677Z] [IsntOnlyNull] Por favor, inicie sesión con el comando: /login <contraseña>
[2025-07-16T19:20:54.691Z] [IsntOnlyNull] Por favor, inicie sesión con el comando: /login <contraseña>
[2025-07-16T19:20:59.686Z] [IsntOnlyNull] Por favor, inicie sesión con el comando: /login <contraseña>
[2025-07-16T19:21:04.680Z] [IsntOnlyNull] Por favor, inicie sesión con el comando: /login <contraseña>
[2025-07-16T19:21:09.678Z] [IsntOnlyNull] Por favor, inicie sesión con el comando: /login <contraseña>
[2025-07-16T19:21:14.702Z] [IsntOnlyNull] Por favor, inicie sesión con el comando: /login <contraseña>
[2025-07-16T19:21:19.710Z] [IsntOnlyNull] Por favor, inicie sesión con el comando: /login <contraseña>
[2025-07-16T19:21:24.679Z] [IsntOnlyNull] Por favor, inicie sesión con el comando: /login <contraseña>
[2025-07-16T19:21:45.363Z] [IsntOnlyNull] You need to be authenticated in order to use this command!
[2025-07-16T19:21:45.926Z] [IsntOnlyNull] Por favor, inicie sesión con el comando: /login <contraseña>
[2025-07-16T19:21:50.926Z] [IsntOnlyNull] Por favor, inicie sesión con el comando: /login <contraseña>
[2025-07-16T19:21:55.934Z] [IsntOnlyNull] Por favor, inicie sesión con el comando: /login <contraseña>
[2025-07-16T19:22:01.015Z] [IsntOnlyNull] Por favor, inicie sesión con el comando: /login <contraseña>
[2025-07-16T19:22:05.947Z] [IsntOnlyNull] Por favor, inicie sesión con el comando: /login <contraseña>
[2025-07-16T19:22:10.955Z] [IsntOnlyNull] Por favor, inicie sesión con el comando: /login <contraseña>
[2025-07-16T19:22:15.928Z] [IsntOnlyNull] Por favor, inicie sesión con el comando: /login <contraseña>
[2025-07-16T19:22:20.926Z] [IsntOnlyNull] Por favor, inicie sesión con el comando: /login <contraseña>
[2025-07-16T19:22:25.930Z] [IsntOnlyNull] Por favor, inicie sesión con el comando: /login <contraseña>
[2025-07-16T19:22:30.938Z] [IsntOnlyNull] Por favor, inicie sesión con el comando: /login <contraseña>
[2025-07-16T19:22:35.926Z] [IsntOnlyNull] Por favor, inicie sesión con el comando: /login <contraseña>
[2025-07-16T19:22:40.926Z] [IsntOnlyNull] Por favor, inicie sesión con el comando: /login <contraseña>
[2025-07-16T19:22:45.933Z] [IsntOnlyNull] Por favor, inicie sesión con el comando: /login <contraseña>
[2025-07-16T19:22:50.934Z] [IsntOnlyNull] Por favor, inicie sesión con el comando: /login <contraseña>
[2025-07-16T19:22:55.930Z] [IsntOnlyNull] Por favor, inicie sesión con el comando: /login <contraseña>
[2025-07-16T19:23:01.000Z] [IsntOnlyNull] Por favor, inicie sesión con el comando: /login <contraseña>
[2025-07-16T19:23:05.925Z] [IsntOnlyNull] Por favor, inicie sesión con el comando: /login <contraseña>
[2025-07-16T19:23:10.932Z] [IsntOnlyNull] Por favor, inicie sesión con el comando: /login <contraseña>
[2025-07-16T19:23:15.925Z] [IsntOnlyNull] Por favor, inicie sesión con el comando: /login <contraseña>
[2025-07-16T19:23:20.926Z] [IsntOnlyNull] Por favor, inicie sesión con el comando: /login <contraseña>
[2025-07-16T19:23:25.929Z] [IsntOnlyNull] Por favor, inicie sesión con el comando: /login <contraseña>
[2025-07-16T19:24:15.150Z] [IsntOnlyNull] You need to be authenticated in order to use this command!
[2025-07-16T19:24:15.632Z] [IsntOnlyNull] Por favor, inicie sesión con el comando: /login <contraseña>
[2025-07-16T19:24:20.626Z] [IsntOnlyNull] Por favor, inicie sesión con el comando: /login <contraseña>
[2025-07-16T19:24:25.625Z] [IsntOnlyNull] Por favor, inicie sesión con el comando: /login <contraseña>
[2025-07-16T19:24:30.625Z] [IsntOnlyNull] Por favor, inicie sesión con el comando: /login <contraseña>
[2025-07-16T19:24:35.657Z] [IsntOnlyNull] Por favor, inicie sesión con el comando: /login <contraseña>
[2025-07-16T19:24:40.626Z] [IsntOnlyNull] Por favor, inicie sesión con el comando: /login <contraseña>
[2025-07-16T19:24:45.626Z] [IsntOnlyNull] Por favor, inicie sesión con el comando: /login <contraseña>
[2025-07-16T19:24:50.627Z] [IsntOnlyNull] Por favor, inicie sesión con el comando: /login <contraseña>
[2025-07-16T19:25:14.128Z] [IsntOnlyNull] You need to be authenticated in order to use this command!
[2025-07-16T19:25:14.924Z] [IsntOnlyNull] Por favor, inicie sesión con el comando: /login <contraseña>
[2025-07-16T19:25:19.926Z] [IsntOnlyNull] Por favor, inicie sesión con el comando: /login <contraseña>
[2025-07-16T19:25:24.934Z] [IsntOnlyNull] Por favor, inicie sesión con el comando: /login <contraseña>
[2025-07-16T19:25:29.924Z] [IsntOnlyNull] Por favor, inicie sesión con el comando: /login <contraseña>
[2025-07-16T19:26:21.520Z] [IsntOnlyNull] You need to be authenticated in order to use this command!
[2025-07-16T19:26:22.123Z] [IsntOnlyNull] Por favor, inicie sesión con el comando: /login <contraseña>
[2025-07-16T19:26:22.324Z] [IsntOnlyNull] Acceso exitoso!
[2025-07-16T19:26:23.277Z] [IsntOnlyNull] [Rio de Plata] /town set board [msg]
[2025-07-16T19:26:23.280Z] [IsntOnlyNull] [Los E.A.U] El pais del futuro y del progreso
[2025-07-16T19:26:23.282Z] [IsntOnlyNull] [+] 
[2025-07-16T19:37:40.697Z] [IsntOnlyNull] Por favor, inicie sesión con el comando: /login <contraseña>
[2025-07-16T19:37:45.665Z] [IsntOnlyNull] Por favor, inicie sesión con el comando: /login <contraseña>
[2025-07-16T19:37:50.668Z] [IsntOnlyNull] Por favor, inicie sesión con el comando: /login <contraseña>
[2025-07-16T19:37:55.675Z] [IsntOnlyNull] Por favor, inicie sesión con el comando: /login <contraseña>
[2025-07-16T19:37:55.791Z] [IsntOnlyNull] You need to be authenticated in order to use this command!
[2025-07-16T19:38:00.693Z] [IsntOnlyNull] Por favor, inicie sesión con el comando: /login <contraseña>
[2025-07-16T19:38:05.665Z] [IsntOnlyNull] Por favor, inicie sesión con el comando: /login <contraseña>
[2025-07-16T19:38:10.668Z] [IsntOnlyNull] Por favor, inicie sesión con el comando: /login <contraseña>
[2025-07-16T19:38:30.677Z] [IsntOnlyNull] Por favor, inicie sesión con el comando: /login <contraseña>
[2025-07-16T19:38:35.667Z] [IsntOnlyNull] Por favor, inicie sesión con el comando: /login <contraseña>
[2025-07-16T19:38:41.000Z] [IsntOnlyNull] Por favor, inicie sesión con el comando: /login <contraseña>
[2025-07-16T19:38:45.663Z] [IsntOnlyNull] Por favor, inicie sesión con el comando: /login <contraseña>
[2025-07-16T19:38:50.667Z] [IsntOnlyNull] Por favor, inicie sesión con el comando: /login <contraseña>
[2025-07-16T19:38:55.662Z] [IsntOnlyNull] Por favor, inicie sesión con el comando: /login <contraseña>
[2025-07-16T19:39:00.727Z] [IsntOnlyNull] Por favor, inicie sesión con el comando: /login <contraseña>
[2025-07-16T19:39:05.666Z] [IsntOnlyNull] Por favor, inicie sesión con el comando: /login <contraseña>
[2025-07-16T19:39:10.672Z] [IsntOnlyNull] Por favor, inicie sesión con el comando: /login <contraseña>
[2025-07-16T19:39:15.663Z] [IsntOnlyNull] Por favor, inicie sesión con el comando: /login <contraseña>
[2025-07-16T19:39:20.674Z] [IsntOnlyNull] Por favor, inicie sesión con el comando: /login <contraseña>
[2025-07-16T19:39:25.661Z] [IsntOnlyNull] Por favor, inicie sesión con el comando: /login <contraseña>
[2025-07-16T19:39:30.664Z] [IsntOnlyNull] Por favor, inicie sesión con el comando: /login <contraseña>
[2025-07-16T19:39:35.667Z] [IsntOnlyNull] Por favor, inicie sesión con el comando: /login <contraseña>
[2025-07-16T19:39:40.661Z] [IsntOnlyNull] Por favor, inicie sesión con el comando: /login <contraseña>
[2025-07-16T19:39:45.664Z] [IsntOnlyNull] Por favor, inicie sesión con el comando: /login <contraseña>
[2025-07-16T19:39:50.662Z] [IsntOnlyNull] Por favor, inicie sesión con el comando: /login <contraseña>
[2025-07-16T19:39:55.661Z] [IsntOnlyNull] Por favor, inicie sesión con el comando: /login <contraseña>
[2025-07-16T19:40:00.662Z] [IsntOnlyNull] Por favor, inicie sesión con el comando: /login <contraseña>
[2025-07-16T19:40:05.661Z] [IsntOnlyNull] Por favor, inicie sesión con el comando: /login <contraseña>
[2025-07-16T19:40:10.668Z] [IsntOnlyNull] Por favor, inicie sesión con el comando: /login <contraseña>
[2025-07-16T19:40:15.661Z] [IsntOnlyNull] Por favor, inicie sesión con el comando: /login <contraseña>
[2025-07-16T19:40:20.663Z] [IsntOnlyNull] Por favor, inicie sesión con el comando: /login <contraseña>
[2025-07-16T19:40:25.662Z] [IsntOnlyNull] Por favor, inicie sesión con el comando: /login <contraseña>
[2025-07-16T19:40:30.661Z] [IsntOnlyNull] Por favor, inicie sesión con el comando: /login <contraseña>
[2025-07-16T19:40:35.662Z] [IsntOnlyNull] Por favor, inicie sesión con el comando: /login <contraseña>
[2025-07-16T19:40:40.668Z] [IsntOnlyNull] Por favor, inicie sesión con el comando: /login <contraseña>
[2025-07-16T19:40:45.660Z] [IsntOnlyNull] Por favor, inicie sesión con el comando: /login <contraseña>
[2025-07-16T19:40:50.663Z] [IsntOnlyNull] Por favor, inicie sesión con el comando: /login <contraseña>
[2025-07-16T19:40:55.659Z] [IsntOnlyNull] Por favor, inicie sesión con el comando: /login <contraseña>
[2025-07-16T19:41:00.661Z] [IsntOnlyNull] Por favor, inicie sesión con el comando: /login <contraseña>
[2025-07-16T19:41:05.659Z] [IsntOnlyNull] Por favor, inicie sesión con el comando: /login <contraseña>
[2025-07-16T19:41:10.659Z] [IsntOnlyNull] Por favor, inicie sesión con el comando: /login <contraseña>
[2025-07-16T19:41:15.661Z] [IsntOnlyNull] Por favor, inicie sesión con el comando: /login <contraseña>
[2025-07-16T19:41:20.683Z] [IsntOnlyNull] Por favor, inicie sesión con el comando: /login <contraseña>
[2025-07-16T19:41:25.659Z] [IsntOnlyNull] Por favor, inicie sesión con el comando: /login <contraseña>
[2025-07-16T19:41:30.659Z] [IsntOnlyNull] Por favor, inicie sesión con el comando: /login <contraseña>
[2025-07-16T19:41:35.660Z] [IsntOnlyNull] Por favor, inicie sesión con el comando: /login <contraseña>
[2025-07-16T19:41:40.658Z] [IsntOnlyNull] Por favor, inicie sesión con el comando: /login <contraseña>
[2025-07-16T19:41:45.659Z] [IsntOnlyNull] Por favor, inicie sesión con el comando: /login <contraseña>
[2025-07-16T19:41:50.659Z] [IsntOnlyNull] Por favor, inicie sesión con el comando: /login <contraseña>
[2025-07-16T19:41:55.659Z] [IsntOnlyNull] Por favor, inicie sesión con el comando: /login <contraseña>
[2025-07-16T19:42:00.659Z] [IsntOnlyNull] Por favor, inicie sesión con el comando: /login <contraseña>
[2025-07-16T19:42:05.667Z] [IsntOnlyNull] Por favor, inicie sesión con el comando: /login <contraseña>
[2025-07-16T19:42:10.665Z] [IsntOnlyNull] Por favor, inicie sesión con el comando: /login <contraseña>
[2025-07-16T19:42:15.658Z] [IsntOnlyNull] Por favor, inicie sesión con el comando: /login <contraseña>
[2025-07-16T19:42:20.658Z] [IsntOnlyNull] Por favor, inicie sesión con el comando: /login <contraseña>
[2025-07-16T19:42:25.658Z] [IsntOnlyNull] Por favor, inicie sesión con el comando: /login <contraseña>
[2025-07-16T19:43:51.663Z] [IsntOnlyNull] Por favor, inicie sesión con el comando: /login <contraseña>
[2025-07-16T19:43:56.659Z] [IsntOnlyNull] Por favor, inicie sesión con el comando: /login <contraseña>
[2025-07-16T19:44:01.659Z] [IsntOnlyNull] Por favor, inicie sesión con el comando: /login <contraseña>
[2025-07-16T19:44:06.674Z] [IsntOnlyNull] Por favor, inicie sesión con el comando: /login <contraseña>
[2025-07-16T19:44:09.601Z] [IsntOnlyNull] You need to be authenticated in order to use this command!
[2025-07-16T19:44:11.658Z] [IsntOnlyNull] Por favor, inicie sesión con el comando: /login <contraseña>
[2025-07-16T19:44:16.658Z] [IsntOnlyNull] Por favor, inicie sesión con el comando: /login <contraseña>
[2025-07-16T19:44:21.739Z] [IsntOnlyNull] Por favor, inicie sesión con el comando: /login <contraseña>
[2025-07-16T19:44:26.659Z] [IsntOnlyNull] Por favor, inicie sesión con el comando: /login <contraseña>
[2025-07-16T19:44:31.661Z] [IsntOnlyNull] Por favor, inicie sesión con el comando: /login <contraseña>
[2025-07-16T19:44:36.658Z] [IsntOnlyNull] Por favor, inicie sesión con el comando: /login <contraseña>
[2025-07-16T19:44:41.660Z] [IsntOnlyNull] Por favor, inicie sesión con el comando: /login <contraseña>
[2025-07-16T19:44:46.657Z] [IsntOnlyNull] Por favor, inicie sesión con el comando: /login <contraseña>
[2025-07-16T19:44:51.658Z] [IsntOnlyNull] Por favor, inicie sesión con el comando: /login <contraseña>
[2025-07-16T19:44:56.666Z] [IsntOnlyNull] Por favor, inicie sesión con el comando: /login <contraseña>
[2025-07-16T19:45:01.660Z] [IsntOnlyNull] Por favor, inicie sesión con el comando: /login <contraseña>
[2025-07-16T19:45:06.659Z] [IsntOnlyNull] Por favor, inicie sesión con el comando: /login <contraseña>
[2025-07-16T19:45:11.657Z] [IsntOnlyNull] Por favor, inicie sesión con el comando: /login <contraseña>
[2025-07-16T19:45:16.661Z] [IsntOnlyNull] Por favor, inicie sesión con el comando: /login <contraseña>
[2025-07-16T19:45:21.658Z] [IsntOnlyNull] Por favor, inicie sesión con el comando: /login <contraseña>
[2025-07-16T19:45:26.657Z] [IsntOnlyNull] Por favor, inicie sesión con el comando: /login <contraseña>
[2025-07-16T19:45:31.658Z] [IsntOnlyNull] Por favor, inicie sesión con el comando: /login <contraseña>
[2025-07-16T19:45:36.657Z] [IsntOnlyNull] Por favor, inicie sesión con el comando: /login <contraseña>
[2025-07-16T19:45:41.657Z] [IsntOnlyNull] Por favor, inicie sesión con el comando: /login <contraseña>
[2025-07-16T19:45:46.656Z] [IsntOnlyNull] Por favor, inicie sesión con el comando: /login <contraseña>
[2025-07-16T19:45:51.656Z] [IsntOnlyNull] Por favor, inicie sesión con el comando: /login <contraseña>
[2025-07-16T19:45:56.656Z] [IsntOnlyNull] Por favor, inicie sesión con el comando: /login <contraseña>
[2025-07-16T19:46:01.656Z] [IsntOnlyNull] Por favor, inicie sesión con el comando: /login <contraseña>
[2025-07-16T19:46:06.659Z] [IsntOnlyNull] Por favor, inicie sesión con el comando: /login <contraseña>
[2025-07-16T19:46:11.661Z] [IsntOnlyNull] Por favor, inicie sesión con el comando: /login <contraseña>
[2025-07-16T19:46:16.657Z] [IsntOnlyNull] Por favor, inicie sesión con el comando: /login <contraseña>
[2025-07-16T19:46:21.666Z] [IsntOnlyNull] Por favor, inicie sesión con el comando: /login <contraseña>
[2025-07-16T19:46:26.657Z] [IsntOnlyNull] Por favor, inicie sesión con el comando: /login <contraseña>
[2025-07-16T19:46:31.658Z] [IsntOnlyNull] Por favor, inicie sesión con el comando: /login <contraseña>
[2025-07-16T19:46:36.657Z] [IsntOnlyNull] Por favor, inicie sesión con el comando: /login <contraseña>
[2025-07-16T19:46:41.656Z] [IsntOnlyNull] Por favor, inicie sesión con el comando: /login <contraseña>
[2025-07-16T19:46:46.656Z] [IsntOnlyNull] Por favor, inicie sesión con el comando: /login <contraseña>
[2025-07-16T19:46:51.668Z] [IsntOnlyNull] Por favor, inicie sesión con el comando: /login <contraseña>
[2025-07-16T19:46:56.657Z] [IsntOnlyNull] Por favor, inicie sesión con el comando: /login <contraseña>
[2025-07-16T19:47:01.656Z] [IsntOnlyNull] Por favor, inicie sesión con el comando: /login <contraseña>
[2025-07-16T19:47:06.660Z] [IsntOnlyNull] Por favor, inicie sesión con el comando: /login <contraseña>
[2025-07-16T19:47:11.685Z] [IsntOnlyNull] Por favor, inicie sesión con el comando: /login <contraseña>
[2025-07-16T19:47:16.656Z] [IsntOnlyNull] Por favor, inicie sesión con el comando: /login <contraseña>
[2025-07-16T19:47:21.661Z] [IsntOnlyNull] Por favor, inicie sesión con el comando: /login <contraseña>
[2025-07-16T19:47:26.657Z] [IsntOnlyNull] Por favor, inicie sesión con el comando: /login <contraseña>
[2025-07-16T19:47:31.658Z] [IsntOnlyNull] Por favor, inicie sesión con el comando: /login <contraseña>
[2025-07-16T19:47:36.673Z] [IsntOnlyNull] Por favor, inicie sesión con el comando: /login <contraseña>
[2025-07-16T19:47:41.657Z] [IsntOnlyNull] Por favor, inicie sesión con el comando: /login <contraseña>
[2025-07-16T19:47:46.656Z] [IsntOnlyNull] Por favor, inicie sesión con el comando: /login <contraseña>
[2025-07-16T19:50:27.269Z] [IsntOnlyNull] Por favor, inicie sesión con el comando: /login <contraseña>
[2025-07-16T19:50:32.253Z] [IsntOnlyNull] Por favor, inicie sesión con el comando: /login <contraseña>
[2025-07-16T19:50:37.253Z] [IsntOnlyNull] Por favor, inicie sesión con el comando: /login <contraseña>
[2025-07-16T19:50:42.253Z] [IsntOnlyNull] Por favor, inicie sesión con el comando: /login <contraseña>
[2025-07-16T19:50:47.256Z] [IsntOnlyNull] Por favor, inicie sesión con el comando: /login <contraseña>
[2025-07-16T19:50:52.254Z] [IsntOnlyNull] Por favor, inicie sesión con el comando: /login <contraseña>
[2025-07-16T19:50:57.300Z] [IsntOnlyNull] Por favor, inicie sesión con el comando: /login <contraseña>
[2025-07-16T19:51:02.253Z] [IsntOnlyNull] Por favor, inicie sesión con el comando: /login <contraseña>
[2025-07-16T19:51:07.253Z] [IsntOnlyNull] Por favor, inicie sesión con el comando: /login <contraseña>
[2025-07-16T19:51:12.262Z] [IsntOnlyNull] Por favor, inicie sesión con el comando: /login <contraseña>
[2025-07-16T19:51:17.256Z] [IsntOnlyNull] Por favor, inicie sesión con el comando: /login <contraseña>
[2025-07-16T19:51:22.255Z] [IsntOnlyNull] Por favor, inicie sesión con el comando: /login <contraseña>
[2025-07-16T19:51:27.252Z] [IsntOnlyNull] Por favor, inicie sesión con el comando: /login <contraseña>
[2025-07-16T19:51:32.256Z] [IsntOnlyNull] Por favor, inicie sesión con el comando: /login <contraseña>
[2025-07-16T19:51:37.253Z] [IsntOnlyNull] Por favor, inicie sesión con el comando: /login <contraseña>
[2025-07-16T19:51:42.252Z] [IsntOnlyNull] Por favor, inicie sesión con el comando: /login <contraseña>
[2025-07-16T19:51:47.252Z] [IsntOnlyNull] Por favor, inicie sesión con el comando: /login <contraseña>
[2025-07-16T19:51:52.257Z] [IsntOnlyNull] Por favor, inicie sesión con el comando: /login <contraseña>
[2025-07-16T19:51:57.255Z] [IsntOnlyNull] Por favor, inicie sesión con el comando: /login <contraseña>
[2025-07-16T19:52:02.258Z] [IsntOnlyNull] Por favor, inicie sesión con el comando: /login <contraseña>
[2025-07-16T19:52:07.257Z] [IsntOnlyNull] Por favor, inicie sesión con el comando: /login <contraseña>
[2025-07-16T19:52:12.253Z] [IsntOnlyNull] Por favor, inicie sesión con el comando: /login <contraseña>
[2025-07-16T19:52:17.256Z] [IsntOnlyNull] Por favor, inicie sesión con el comando: /login <contraseña>
[2025-07-16T19:52:22.257Z] [IsntOnlyNull] Por favor, inicie sesión con el comando: /login <contraseña>
[2025-07-16T19:52:27.257Z] [IsntOnlyNull] Por favor, inicie sesión con el comando: /login <contraseña>
[2025-07-16T19:52:32.255Z] [IsntOnlyNull] Por favor, inicie sesión con el comando: /login <contraseña>
[2025-07-16T19:52:37.251Z] [IsntOnlyNull] Por favor, inicie sesión con el comando: /login <contraseña>
[2025-07-16T19:52:42.251Z] [IsntOnlyNull] Por favor, inicie sesión con el comando: /login <contraseña>
[2025-07-16T19:53:26.412Z] [IsntOnlyNull] Por favor, inicie sesión con el comando: /login <contraseña>
[2025-07-16T19:53:31.403Z] [IsntOnlyNull] Por favor, inicie sesión con el comando: /login <contraseña>
[2025-07-16T19:53:36.401Z] [IsntOnlyNull] Por favor, inicie sesión con el comando: /login <contraseña>
[2025-07-16T19:53:37.945Z] [IsntOnlyNull] You need to be authenticated in order to use this command!
[2025-07-16T19:53:41.400Z] [IsntOnlyNull] Por favor, inicie sesión con el comando: /login <contraseña>
[2025-07-16T19:53:41.602Z] [IsntOnlyNull] Acceso exitoso!
[2025-07-16T19:53:42.511Z] [IsntOnlyNull] [Rio de Plata] /town set board [msg]
[2025-07-16T19:53:42.514Z] [IsntOnlyNull] [Los E.A.U] El pais del futuro y del progreso
[2025-07-16T19:53:42.516Z] [IsntOnlyNull] [+] 
[2025-07-16T21:18:11.642Z] [IsntOnlyNull] Por favor, inicie sesión con el comando: /login <contraseña>
[2025-07-16T21:18:14.239Z] [IsntOnlyNull] You need to be authenticated in order to use this command!
[2025-07-16T21:18:16.631Z] [IsntOnlyNull] Por favor, inicie sesión con el comando: /login <contraseña>
[2025-07-16T21:18:16.832Z] [IsntOnlyNull] Acceso exitoso!
[2025-07-16T21:18:17.825Z] [IsntOnlyNull] [Rio de Plata] /town set board [msg]
[2025-07-16T21:18:17.826Z] [IsntOnlyNull] [Los E.A.U] El pais del futuro y del progreso
[2025-07-16T21:18:17.828Z] [IsntOnlyNull] [+] 
