[2025-07-16T03:26:17.617Z] [untipitorandom1] Por favor, inicie sesión con el comando: /login <contraseña>
[2025-07-16T03:26:17.718Z] [untipitorandom1] Acceso exitoso!
[2025-07-16T03:26:18.606Z] [untipitorandom1] [Rio de Plata] /town set board [msg]
[2025-07-16T03:26:18.613Z] [untipitorandom1] [Los E.A.U] El pais del futuro y del progreso
[2025-07-16T03:26:18.620Z] [untipitorandom1] [+] 
[2025-07-16T03:26:24.341Z] [untipitorandom1] hola
[2025-07-16T03:26:27.906Z] [untipitorandom1] esta si
[2025-07-16T03:26:28.393Z] [untipitorandom1] [+] 
[2025-07-16T03:26:28.465Z] [untipitorandom1] [-] 
[2025-07-16T03:26:53.059Z] [untipitorandom1] pero nueva
[2025-07-16T03:26:54.011Z] [untipitorandom1] s
[2025-07-16T03:27:02.257Z] [untipitorandom1] quiero ganarle a winq
[2025-07-16T03:27:06.475Z] [untipitorandom1] q
[2025-07-16T03:27:07.414Z] [untipitorandom1] de q
[2025-07-16T03:27:13.211Z] [untipitorandom1] en mancha urbana
[2025-07-16T03:27:25.889Z] [untipitorandom1] imnposible
[2025-07-16T03:27:30.574Z] [untipitorandom1] yo si hago las cosas bien
[2025-07-16T03:27:34.863Z] [untipitorandom1] voy a romper el baltop
[2025-07-16T03:27:36.809Z] [untipitorandom1] e
[2025-07-16T03:27:48.908Z] [untipitorandom1] [Rio de Plata] loldp24s retiró 23000000 del banco de Ciudad.
[2025-07-16T03:28:56.480Z] [untipitorandom1] Por favor, inicie sesión con el comando: /login <contraseña>
[2025-07-16T03:28:56.622Z] [untipitorandom1] Acceso exitoso!
[2025-07-16T03:28:57.388Z] [untipitorandom1] [Rio de Plata] /town set board [msg]
[2025-07-16T03:28:57.391Z] [untipitorandom1] [Los E.A.U] El pais del futuro y del progreso
[2025-07-16T03:28:57.392Z] [untipitorandom1] [+] 
[2025-07-16T04:55:14.149Z] [untipitorandom1] Por favor, inicie sesión con el comando: /login <contraseña>
[2025-07-16T04:55:14.241Z] [untipitorandom1] Acceso exitoso!
[2025-07-16T04:55:14.951Z] [untipitorandom1] [Rio de Plata] /town set board [msg]
[2025-07-16T04:55:14.954Z] [untipitorandom1] [Los E.A.U] El pais del futuro y del progreso
