[2025-07-16T03:25:57.113Z] [zDunknown] Por favor, inicie sesión con el comando: /login <contraseña>
[2025-07-16T03:25:57.220Z] [zDunknown] Acceso exitoso!
[2025-07-16T03:28:36.412Z] [zDunknown] Por favor, inicie sesión con el comando: /login <contraseña>
[2025-07-16T03:28:36.513Z] [zDunknown] Acceso exitoso!
[2025-07-16T03:28:37.510Z] [zDunknown] [Rio de Plata] /town set board [msg]
[2025-07-16T03:28:37.518Z] [zDunknown] [Los E.A.U] El pais del futuro y del progreso
[2025-07-16T04:54:52.850Z] [zDunknown] Por favor, inicie sesión con el comando: /login <contraseña>
[2025-07-16T04:54:52.962Z] [zDunknown] Acceso exitoso!
[2025-07-16T04:54:53.951Z] [zDunknown] [Los E.A.U] El pais del futuro y del progreso
[2025-07-16T04:54:53.949Z] [zDunknown] [Rio de Plata] /town set board [msg]
[2025-07-16T04:54:53.956Z] [zDunknown] [+] 
[2025-07-16T04:56:32.793Z] [zDunknown] Por favor, inicie sesión con el comando: /login <contraseña>
[2025-07-16T04:56:32.896Z] [zDunknown] Acceso exitoso!
[2025-07-16T04:56:33.737Z] [zDunknown] [Rio de Plata] /town set board [msg]
[2025-07-16T04:56:33.739Z] [zDunknown] [Los E.A.U] El pais del futuro y del progreso
[2025-07-16T13:03:45.248Z] [zDunknown] Por favor, inicie sesión con el comando: /login <contraseña>
[2025-07-16T13:03:49.063Z] [zDunknown] You need to be authenticated in order to use this command!
[2025-07-16T13:03:50.246Z] [zDunknown] Por favor, inicie sesión con el comando: /login <contraseña>
[2025-07-16T13:07:04.050Z] [zDunknown] Por favor, inicie sesión con el comando: /login <contraseña>
[2025-07-16T13:07:07.831Z] [zDunknown] You need to be authenticated in order to use this command!
[2025-07-16T13:07:09.047Z] [zDunknown] Por favor, inicie sesión con el comando: /login <contraseña>
